<?xml version="1.0" encoding="UTF-8"?>
<testsuite xmlns:xsi="http://www.w3.org/2001/XMLSchema-instance" xsi:noNamespaceSchemaLocation="https://maven.apache.org/surefire/maven-failsafe-plugin/xsd/failsafe-test-report-3.0.xsd" version="3.0" name="starter.CucumberTestSuite" time="15.162" tests="1" errors="1" skipped="0" failures="0">
  <properties>
    <property name="java.specification.version" value="17"/>
    <property name="sun.jnu.encoding" value="UTF-8"/>
    <property name="java.class.path" value="/Users/mariano/Documents/Automation/CS/FE/appiumpoc/serenitybdd-appium-poc-main/target/test-classes:/Users/mariano/.m2/repository/net/serenity-bdd/serenity-core/3.7.1/serenity-core-3.7.1.jar:/Users/mariano/.m2/repository/net/serenity-bdd/serenity-model/3.7.1/serenity-model-3.7.1.jar:/Users/mariano/.m2/repository/org/apache/commons/commons-text/1.10.0/commons-text-1.10.0.jar:/Users/mariano/.m2/repository/commons-net/commons-net/3.9.0/commons-net-3.9.0.jar:/Users/mariano/.m2/repository/com/google/guava/guava/31.1-jre/guava-31.1-jre.jar:/Users/mariano/.m2/repository/com/google/guava/failureaccess/1.0.1/failureaccess-1.0.1.jar:/Users/mariano/.m2/repository/com/google/guava/listenablefuture/9999.0-empty-to-avoid-conflict-with-guava/listenablefuture-9999.0-empty-to-avoid-conflict-with-guava.jar:/Users/mariano/.m2/repository/com/google/code/findbugs/jsr305/3.0.2/jsr305-3.0.2.jar:/Users/mariano/.m2/repository/org/checkerframework/checker-qual/3.12.0/checker-qual-3.12.0.jar:/Users/mariano/.m2/repository/com/google/errorprone/error_prone_annotations/2.11.0/error_prone_annotations-2.11.0.jar:/Users/mariano/.m2/repository/com/google/j2objc/j2objc-annotations/1.3/j2objc-annotations-1.3.jar:/Users/mariano/.m2/repository/com/google/inject/guice/5.1.0/guice-5.1.0.jar:/Users/mariano/.m2/repository/javax/inject/javax.inject/1/javax.inject-1.jar:/Users/mariano/.m2/repository/aopalliance/aopalliance/1.0/aopalliance-1.0.jar:/Users/mariano/.m2/repository/org/jsoup/jsoup/1.15.4/jsoup-1.15.4.jar:/Users/mariano/.m2/repository/com/thoughtworks/xstream/xstream/1.4.20/xstream-1.4.20.jar:/Users/mariano/.m2/repository/io/github/x-stream/mxparser/1.2.2/mxparser-1.2.2.jar:/Users/mariano/.m2/repository/xmlpull/xmlpull/1.1.3.1/xmlpull-1.1.3.1.jar:/Users/mariano/.m2/repository/com/typesafe/config/1.4.2/config-1.4.2.jar:/Users/mariano/.m2/repository/org/imgscalr/imgscalr-lib/4.2/imgscalr-lib-4.2.jar:/Users/mariano/.m2/repository/org/awaitility/awaitility/4.2.0/awaitility-4.2.0.jar:/Users/mariano/.m2/repository/org/freemarker/freemarker/2.3.31/freemarker-2.3.31.jar:/Users/mariano/.m2/repository/io/github/classgraph/classgraph/4.8.138/classgraph-4.8.138.jar:/Users/mariano/.m2/repository/net/sourceforge/jexcelapi/jxl/2.6.12/jxl-2.6.12.jar:/Users/mariano/.m2/repository/net/bytebuddy/byte-buddy-agent/1.14.2/byte-buddy-agent-1.14.2.jar:/Users/mariano/.m2/repository/org/objenesis/objenesis/3.3/objenesis-3.3.jar:/Users/mariano/.m2/repository/com/vladsch/flexmark/flexmark-all/0.62.2/flexmark-all-0.62.2.jar:/Users/mariano/.m2/repository/com/vladsch/flexmark/flexmark/0.62.2/flexmark-0.62.2.jar:/Users/mariano/.m2/repository/com/vladsch/flexmark/flexmark-ext-abbreviation/0.62.2/flexmark-ext-abbreviation-0.62.2.jar:/Users/mariano/.m2/repository/com/vladsch/flexmark/flexmark-util/0.62.2/flexmark-util-0.62.2.jar:/Users/mariano/.m2/repository/com/vladsch/flexmark/flexmark-ext-admonition/0.62.2/flexmark-ext-admonition-0.62.2.jar:/Users/mariano/.m2/repository/com/vladsch/flexmark/flexmark-ext-anchorlink/0.62.2/flexmark-ext-anchorlink-0.62.2.jar:/Users/mariano/.m2/repository/com/vladsch/flexmark/flexmark-ext-aside/0.62.2/flexmark-ext-aside-0.62.2.jar:/Users/mariano/.m2/repository/com/vladsch/flexmark/flexmark-ext-attributes/0.62.2/flexmark-ext-attributes-0.62.2.jar:/Users/mariano/.m2/repository/com/vladsch/flexmark/flexmark-ext-autolink/0.62.2/flexmark-ext-autolink-0.62.2.jar:/Users/mariano/.m2/repository/org/nibor/autolink/autolink/0.6.0/autolink-0.6.0.jar:/Users/mariano/.m2/repository/com/vladsch/flexmark/flexmark-ext-definition/0.62.2/flexmark-ext-definition-0.62.2.jar:/Users/mariano/.m2/repository/com/vladsch/flexmark/flexmark-ext-emoji/0.62.2/flexmark-ext-emoji-0.62.2.jar:/Users/mariano/.m2/repository/com/vladsch/flexmark/flexmark-ext-enumerated-reference/0.62.2/flexmark-ext-enumerated-reference-0.62.2.jar:/Users/mariano/.m2/repository/com/vladsch/flexmark/flexmark-ext-escaped-character/0.62.2/flexmark-ext-escaped-character-0.62.2.jar:/Users/mariano/.m2/repository/com/vladsch/flexmark/flexmark-ext-footnotes/0.62.2/flexmark-ext-footnotes-0.62.2.jar:/Users/mariano/.m2/repository/com/vladsch/flexmark/flexmark-ext-gfm-issues/0.62.2/flexmark-ext-gfm-issues-0.62.2.jar:/Users/mariano/.m2/repository/com/vladsch/flexmark/flexmark-ext-gfm-strikethrough/0.62.2/flexmark-ext-gfm-strikethrough-0.62.2.jar:/Users/mariano/.m2/repository/com/vladsch/flexmark/flexmark-ext-gfm-tasklist/0.62.2/flexmark-ext-gfm-tasklist-0.62.2.jar:/Users/mariano/.m2/repository/com/vladsch/flexmark/flexmark-ext-gfm-users/0.62.2/flexmark-ext-gfm-users-0.62.2.jar:/Users/mariano/.m2/repository/com/vladsch/flexmark/flexmark-ext-gitlab/0.62.2/flexmark-ext-gitlab-0.62.2.jar:/Users/mariano/.m2/repository/com/vladsch/flexmark/flexmark-ext-jekyll-front-matter/0.62.2/flexmark-ext-jekyll-front-matter-0.62.2.jar:/Users/mariano/.m2/repository/com/vladsch/flexmark/flexmark-ext-jekyll-tag/0.62.2/flexmark-ext-jekyll-tag-0.62.2.jar:/Users/mariano/.m2/repository/com/vladsch/flexmark/flexmark-ext-media-tags/0.62.2/flexmark-ext-media-tags-0.62.2.jar:/Users/mariano/.m2/repository/com/vladsch/flexmark/flexmark-ext-macros/0.62.2/flexmark-ext-macros-0.62.2.jar:/Users/mariano/.m2/repository/com/vladsch/flexmark/flexmark-ext-ins/0.62.2/flexmark-ext-ins-0.62.2.jar:/Users/mariano/.m2/repository/com/vladsch/flexmark/flexmark-ext-xwiki-macros/0.62.2/flexmark-ext-xwiki-macros-0.62.2.jar:/Users/mariano/.m2/repository/com/vladsch/flexmark/flexmark-ext-superscript/0.62.2/flexmark-ext-superscript-0.62.2.jar:/Users/mariano/.m2/repository/com/vladsch/flexmark/flexmark-ext-tables/0.62.2/flexmark-ext-tables-0.62.2.jar:/Users/mariano/.m2/repository/com/vladsch/flexmark/flexmark-ext-toc/0.62.2/flexmark-ext-toc-0.62.2.jar:/Users/mariano/.m2/repository/com/vladsch/flexmark/flexmark-ext-typographic/0.62.2/flexmark-ext-typographic-0.62.2.jar:/Users/mariano/.m2/repository/com/vladsch/flexmark/flexmark-ext-wikilink/0.62.2/flexmark-ext-wikilink-0.62.2.jar:/Users/mariano/.m2/repository/com/vladsch/flexmark/flexmark-ext-yaml-front-matter/0.62.2/flexmark-ext-yaml-front-matter-0.62.2.jar:/Users/mariano/.m2/repository/com/vladsch/flexmark/flexmark-ext-youtube-embedded/0.62.2/flexmark-ext-youtube-embedded-0.62.2.jar:/Users/mariano/.m2/repository/com/vladsch/flexmark/flexmark-html2md-converter/0.62.2/flexmark-html2md-converter-0.62.2.jar:/Users/mariano/.m2/repository/com/vladsch/flexmark/flexmark-jira-converter/0.62.2/flexmark-jira-converter-0.62.2.jar:/Users/mariano/.m2/repository/com/vladsch/flexmark/flexmark-pdf-converter/0.62.2/flexmark-pdf-converter-0.62.2.jar:/Users/mariano/.m2/repository/com/openhtmltopdf/openhtmltopdf-core/1.0.0/openhtmltopdf-core-1.0.0.jar:/Users/mariano/.m2/repository/com/openhtmltopdf/openhtmltopdf-pdfbox/1.0.0/openhtmltopdf-pdfbox-1.0.0.jar:/Users/mariano/.m2/repository/org/apache/pdfbox/pdfbox/2.0.16/pdfbox-2.0.16.jar:/Users/mariano/.m2/repository/org/apache/pdfbox/fontbox/2.0.16/fontbox-2.0.16.jar:/Users/mariano/.m2/repository/org/apache/pdfbox/xmpbox/2.0.16/xmpbox-2.0.16.jar:/Users/mariano/.m2/repository/de/rototor/pdfbox/graphics2d/0.24/graphics2d-0.24.jar:/Users/mariano/.m2/repository/com/openhtmltopdf/openhtmltopdf-rtl-support/1.0.0/openhtmltopdf-rtl-support-1.0.0.jar:/Users/mariano/.m2/repository/com/openhtmltopdf/openhtmltopdf-jsoup-dom-converter/1.0.0/openhtmltopdf-jsoup-dom-converter-1.0.0.jar:/Users/mariano/.m2/repository/com/vladsch/flexmark/flexmark-profile-pegdown/0.62.2/flexmark-profile-pegdown-0.62.2.jar:/Users/mariano/.m2/repository/com/vladsch/flexmark/flexmark-util-ast/0.62.2/flexmark-util-ast-0.62.2.jar:/Users/mariano/.m2/repository/com/vladsch/flexmark/flexmark-util-builder/0.62.2/flexmark-util-builder-0.62.2.jar:/Users/mariano/.m2/repository/com/vladsch/flexmark/flexmark-util-collection/0.62.2/flexmark-util-collection-0.62.2.jar:/Users/mariano/.m2/repository/com/vladsch/flexmark/flexmark-util-data/0.62.2/flexmark-util-data-0.62.2.jar:/Users/mariano/.m2/repository/com/vladsch/flexmark/flexmark-util-dependency/0.62.2/flexmark-util-dependency-0.62.2.jar:/Users/mariano/.m2/repository/com/vladsch/flexmark/flexmark-util-format/0.62.2/flexmark-util-format-0.62.2.jar:/Users/mariano/.m2/repository/com/vladsch/flexmark/flexmark-util-html/0.62.2/flexmark-util-html-0.62.2.jar:/Users/mariano/.m2/repository/com/vladsch/flexmark/flexmark-util-misc/0.62.2/flexmark-util-misc-0.62.2.jar:/Users/mariano/.m2/repository/com/vladsch/flexmark/flexmark-util-options/0.62.2/flexmark-util-options-0.62.2.jar:/Users/mariano/.m2/repository/com/vladsch/flexmark/flexmark-util-sequence/0.62.2/flexmark-util-sequence-0.62.2.jar:/Users/mariano/.m2/repository/com/vladsch/flexmark/flexmark-util-visitor/0.62.2/flexmark-util-visitor-0.62.2.jar:/Users/mariano/.m2/repository/com/vladsch/flexmark/flexmark-youtrack-converter/0.62.2/flexmark-youtrack-converter-0.62.2.jar:/Users/mariano/.m2/repository/net/serenity-bdd/serenity-reports/3.7.1/serenity-reports-3.7.1.jar:/Users/mariano/.m2/repository/net/serenity-bdd/serenity-stats/3.7.1/serenity-stats-3.7.1.jar:/Users/mariano/.m2/repository/net/serenity-bdd/serenity-reports-configuration/3.7.1/serenity-reports-configuration-3.7.1.jar:/Users/mariano/.m2/repository/com/ibm/icu/icu4j/72.1/icu4j-72.1.jar:/Users/mariano/.m2/repository/es/nitaur/markdown/txtmark/0.16/txtmark-0.16.jar:/Users/mariano/.m2/repository/net/serenity-bdd/serenity-report-resources/3.7.1/serenity-report-resources-3.7.1.jar:/Users/mariano/.m2/repository/com/google/code/gson/gson/2.10.1/gson-2.10.1.jar:/Users/mariano/.m2/repository/com/fasterxml/jackson/core/jackson-core/2.15.0-rc1/jackson-core-2.15.0-rc1.jar:/Users/mariano/.m2/repository/com/fasterxml/jackson/core/jackson-databind/2.15.0-rc1/jackson-databind-2.15.0-rc1.jar:/Users/mariano/.m2/repository/com/fasterxml/jackson/core/jackson-annotations/2.15.0-rc1/jackson-annotations-2.15.0-rc1.jar:/Users/mariano/.m2/repository/commons-codec/commons-codec/1.15/commons-codec-1.15.jar:/Users/mariano/.m2/repository/commons-io/commons-io/2.11.0/commons-io-2.11.0.jar:/Users/mariano/.m2/repository/org/apache/httpcomponents/httpclient/4.5.13/httpclient-4.5.13.jar:/Users/mariano/.m2/repository/org/apache/httpcomponents/httpcore/4.4.13/httpcore-4.4.13.jar:/Users/mariano/.m2/repository/commons-logging/commons-logging/1.2/commons-logging-1.2.jar:/Users/mariano/.m2/repository/org/seleniumhq/selenium/selenium-java/4.9.0/selenium-java-4.9.0.jar:/Users/mariano/.m2/repository/org/seleniumhq/selenium/selenium-devtools-v110/4.9.0/selenium-devtools-v110-4.9.0.jar:/Users/mariano/.m2/repository/org/seleniumhq/selenium/selenium-devtools-v111/4.9.0/selenium-devtools-v111-4.9.0.jar:/Users/mariano/.m2/repository/org/seleniumhq/selenium/selenium-devtools-v112/4.9.0/selenium-devtools-v112-4.9.0.jar:/Users/mariano/.m2/repository/org/seleniumhq/selenium/selenium-devtools-v85/4.9.0/selenium-devtools-v85-4.9.0.jar:/Users/mariano/.m2/repository/org/seleniumhq/selenium/selenium-remote-driver/4.9.0/selenium-remote-driver-4.9.0.jar:/Users/mariano/.m2/repository/com/beust/jcommander/1.82/jcommander-1.82.jar:/Users/mariano/.m2/repository/io/netty/netty-buffer/4.1.91.Final/netty-buffer-4.1.91.Final.jar:/Users/mariano/.m2/repository/io/netty/netty-codec-http/4.1.91.Final/netty-codec-http-4.1.91.Final.jar:/Users/mariano/.m2/repository/io/netty/netty-codec/4.1.91.Final/netty-codec-4.1.91.Final.jar:/Users/mariano/.m2/repository/io/netty/netty-handler/4.1.91.Final/netty-handler-4.1.91.Final.jar:/Users/mariano/.m2/repository/io/netty/netty-common/4.1.91.Final/netty-common-4.1.91.Final.jar:/Users/mariano/.m2/repository/io/netty/netty-transport-classes-epoll/4.1.91.Final/netty-transport-classes-epoll-4.1.91.Final.jar:/Users/mariano/.m2/repository/io/netty/netty-transport-classes-kqueue/4.1.91.Final/netty-transport-classes-kqueue-4.1.91.Final.jar:/Users/mariano/.m2/repository/io/netty/netty-transport-native-epoll/4.1.91.Final/netty-transport-native-epoll-4.1.91.Final.jar:/Users/mariano/.m2/repository/io/netty/netty-transport-native-kqueue/4.1.91.Final/netty-transport-native-kqueue-4.1.91.Final.jar:/Users/mariano/.m2/repository/io/netty/netty-transport-native-unix-common/4.1.91.Final/netty-transport-native-unix-common-4.1.91.Final.jar:/Users/mariano/.m2/repository/io/netty/netty-transport/4.1.91.Final/netty-transport-4.1.91.Final.jar:/Users/mariano/.m2/repository/io/netty/netty-resolver/4.1.91.Final/netty-resolver-4.1.91.Final.jar:/Users/mariano/.m2/repository/io/opentelemetry/opentelemetry-api/1.25.0/opentelemetry-api-1.25.0.jar:/Users/mariano/.m2/repository/io/opentelemetry/opentelemetry-context/1.25.0/opentelemetry-context-1.25.0.jar:/Users/mariano/.m2/repository/io/opentelemetry/opentelemetry-exporter-logging/1.25.0/opentelemetry-exporter-logging-1.25.0.jar:/Users/mariano/.m2/repository/io/opentelemetry/opentelemetry-sdk-metrics/1.25.0/opentelemetry-sdk-metrics-1.25.0.jar:/Users/mariano/.m2/repository/io/opentelemetry/opentelemetry-sdk-logs/1.25.0-alpha/opentelemetry-sdk-logs-1.25.0-alpha.jar:/Users/mariano/.m2/repository/io/opentelemetry/opentelemetry-api-logs/1.25.0-alpha/opentelemetry-api-logs-1.25.0-alpha.jar:/Users/mariano/.m2/repository/io/opentelemetry/opentelemetry-api-events/1.25.0-alpha/opentelemetry-api-events-1.25.0-alpha.jar:/Users/mariano/.m2/repository/io/opentelemetry/opentelemetry-sdk-common/1.25.0/opentelemetry-sdk-common-1.25.0.jar:/Users/mariano/.m2/repository/io/opentelemetry/opentelemetry-sdk-extension-autoconfigure-spi/1.25.0/opentelemetry-sdk-extension-autoconfigure-spi-1.25.0.jar:/Users/mariano/.m2/repository/io/opentelemetry/opentelemetry-sdk-extension-autoconfigure/1.25.0-alpha/opentelemetry-sdk-extension-autoconfigure-1.25.0-alpha.jar:/Users/mariano/.m2/repository/io/opentelemetry/opentelemetry-sdk-trace/1.25.0/opentelemetry-sdk-trace-1.25.0.jar:/Users/mariano/.m2/repository/io/opentelemetry/opentelemetry-sdk/1.25.0/opentelemetry-sdk-1.25.0.jar:/Users/mariano/.m2/repository/io/opentelemetry/opentelemetry-semconv/1.25.0-alpha/opentelemetry-semconv-1.25.0-alpha.jar:/Users/mariano/.m2/repository/io/ous/jtoml/2.0.0/jtoml-2.0.0.jar:/Users/mariano/.m2/repository/org/apache/commons/commons-exec/1.3/commons-exec-1.3.jar:/Users/mariano/.m2/repository/org/asynchttpclient/async-http-client/2.12.3/async-http-client-2.12.3.jar:/Users/mariano/.m2/repository/org/asynchttpclient/async-http-client-netty-utils/2.12.3/async-http-client-netty-utils-2.12.3.jar:/Users/mariano/.m2/repository/io/netty/netty-codec-socks/4.1.60.Final/netty-codec-socks-4.1.60.Final.jar:/Users/mariano/.m2/repository/io/netty/netty-handler-proxy/4.1.60.Final/netty-handler-proxy-4.1.60.Final.jar:/Users/mariano/.m2/repository/io/netty/netty-transport-native-epoll/4.1.60.Final/netty-transport-native-epoll-4.1.60.Final-linux-x86_64.jar:/Users/mariano/.m2/repository/io/netty/netty-transport-native-kqueue/4.1.60.Final/netty-transport-native-kqueue-4.1.60.Final-osx-x86_64.jar:/Users/mariano/.m2/repository/org/reactivestreams/reactive-streams/1.0.3/reactive-streams-1.0.3.jar:/Users/mariano/.m2/repository/com/typesafe/netty/netty-reactive-streams/2.0.4/netty-reactive-streams-2.0.4.jar:/Users/mariano/.m2/repository/org/seleniumhq/selenium/selenium-safari-driver/4.9.0/selenium-safari-driver-4.9.0.jar:/Users/mariano/.m2/repository/org/seleniumhq/selenium/selenium-api/4.9.0/selenium-api-4.9.0.jar:/Users/mariano/.m2/repository/org/seleniumhq/selenium/selenium-support/4.9.0/selenium-support-4.9.0.jar:/Users/mariano/.m2/repository/com/google/auto/service/auto-service-annotations/1.0.1/auto-service-annotations-1.0.1.jar:/Users/mariano/.m2/repository/com/google/auto/service/auto-service/1.0.1/auto-service-1.0.1.jar:/Users/mariano/.m2/repository/com/google/auto/auto-common/1.2/auto-common-1.2.jar:/Users/mariano/.m2/repository/org/seleniumhq/selenium/selenium-json/4.9.0/selenium-json-4.9.0.jar:/Users/mariano/.m2/repository/org/seleniumhq/selenium/selenium-chrome-driver/4.9.0/selenium-chrome-driver-4.9.0.jar:/Users/mariano/.m2/repository/org/seleniumhq/selenium/selenium-chromium-driver/4.9.0/selenium-chromium-driver-4.9.0.jar:/Users/mariano/.m2/repository/org/seleniumhq/selenium/selenium-manager/4.9.0/selenium-manager-4.9.0.jar:/Users/mariano/.m2/repository/org/seleniumhq/selenium/selenium-firefox-driver/4.9.0/selenium-firefox-driver-4.9.0.jar:/Users/mariano/.m2/repository/org/seleniumhq/selenium/selenium-http/4.9.0/selenium-http-4.9.0.jar:/Users/mariano/.m2/repository/dev/failsafe/failsafe/3.3.1/failsafe-3.3.1.jar:/Users/mariano/.m2/repository/org/seleniumhq/selenium/selenium-edge-driver/4.9.0/selenium-edge-driver-4.9.0.jar:/Users/mariano/.m2/repository/org/seleniumhq/selenium/selenium-ie-driver/4.9.0/selenium-ie-driver-4.9.0.jar:/Users/mariano/.m2/repository/org/projectlombok/lombok/1.18.20/lombok-1.18.20.jar:/Users/mariano/.m2/repository/org/htmlunit/htmlunit/3.0.0/htmlunit-3.0.0.jar:/Users/mariano/.m2/repository/org/apache/httpcomponents/httpmime/4.5.14/httpmime-4.5.14.jar:/Users/mariano/.m2/repository/org/htmlunit/htmlunit-core-js/3.0.0/htmlunit-core-js-3.0.0.jar:/Users/mariano/.m2/repository/org/htmlunit/neko-htmlunit/3.0.0/neko-htmlunit-3.0.0.jar:/Users/mariano/.m2/repository/org/htmlunit/htmlunit-cssparser/3.0.0/htmlunit-cssparser-3.0.0.jar:/Users/mariano/.m2/repository/org/htmlunit/htmlunit-xpath/3.0.0/htmlunit-xpath-3.0.0.jar:/Users/mariano/.m2/repository/org/brotli/dec/0.1.2/dec-0.1.2.jar:/Users/mariano/.m2/repository/com/shapesecurity/salvation2/3.0.1/salvation2-3.0.1.jar:/Users/mariano/.m2/repository/org/eclipse/jetty/websocket/websocket-client/9.4.51.v20230217/websocket-client-9.4.51.v20230217.jar:/Users/mariano/.m2/repository/org/eclipse/jetty/jetty-client/9.4.51.v20230217/jetty-client-9.4.51.v20230217.jar:/Users/mariano/.m2/repository/org/eclipse/jetty/jetty-http/9.4.51.v20230217/jetty-http-9.4.51.v20230217.jar:/Users/mariano/.m2/repository/org/eclipse/jetty/jetty-util/9.4.51.v20230217/jetty-util-9.4.51.v20230217.jar:/Users/mariano/.m2/repository/org/eclipse/jetty/jetty-io/9.4.51.v20230217/jetty-io-9.4.51.v20230217.jar:/Users/mariano/.m2/repository/org/eclipse/jetty/websocket/websocket-common/9.4.51.v20230217/websocket-common-9.4.51.v20230217.jar:/Users/mariano/.m2/repository/org/eclipse/jetty/websocket/websocket-api/9.4.51.v20230217/websocket-api-9.4.51.v20230217.jar:/Users/mariano/.m2/repository/org/seleniumhq/selenium/htmlunit3-driver/4.8.1/htmlunit3-driver-4.8.1.jar:/Users/mariano/.m2/repository/io/appium/java-client/8.3.0/java-client-8.3.0.jar:/Users/mariano/.m2/repository/commons-validator/commons-validator/1.7/commons-validator-1.7.jar:/Users/mariano/.m2/repository/commons-digester/commons-digester/2.1/commons-digester-2.1.jar:/Users/mariano/.m2/repository/org/apache/groovy/groovy/4.0.10/groovy-4.0.10.jar:/Users/mariano/.m2/repository/net/sf/opencsv/opencsv/2.0/opencsv-2.0.jar:/Users/mariano/.m2/repository/commons-beanutils/commons-beanutils/1.9.4/commons-beanutils-1.9.4.jar:/Users/mariano/.m2/repository/org/apache/commons/commons-lang3/3.12.0/commons-lang3-3.12.0.jar:/Users/mariano/.m2/repository/commons-collections/commons-collections/3.2.2/commons-collections-3.2.2.jar:/Users/mariano/.m2/repository/org/fluentlenium/fluentlenium-core/0.10.2/fluentlenium-core-0.10.2.jar:/Users/mariano/.m2/repository/io/github/bonigarcia/webdrivermanager/5.3.2/webdrivermanager-5.3.2.jar:/Users/mariano/.m2/repository/com/github/docker-java/docker-java/3.2.14/docker-java-3.2.14.jar:/Users/mariano/.m2/repository/com/github/docker-java/docker-java-core/3.2.14/docker-java-core-3.2.14.jar:/Users/mariano/.m2/repository/com/github/docker-java/docker-java-api/3.2.14/docker-java-api-3.2.14.jar:/Users/mariano/.m2/repository/org/apache/commons/commons-compress/1.21/commons-compress-1.21.jar:/Users/mariano/.m2/repository/org/bouncycastle/bcpkix-jdk15on/1.64/bcpkix-jdk15on-1.64.jar:/Users/mariano/.m2/repository/org/bouncycastle/bcprov-jdk15on/1.64/bcprov-jdk15on-1.64.jar:/Users/mariano/.m2/repository/org/slf4j/jcl-over-slf4j/1.7.30/jcl-over-slf4j-1.7.30.jar:/Users/mariano/.m2/repository/com/github/docker-java/docker-java-transport-httpclient5/3.2.14/docker-java-transport-httpclient5-3.2.14.jar:/Users/mariano/.m2/repository/com/github/docker-java/docker-java-transport/3.2.14/docker-java-transport-3.2.14.jar:/Users/mariano/.m2/repository/net/java/dev/jna/jna/5.12.1/jna-5.12.1.jar:/Users/mariano/.m2/repository/org/apache/httpcomponents/client5/httpclient5/5.2.1/httpclient5-5.2.1.jar:/Users/mariano/.m2/repository/org/apache/httpcomponents/core5/httpcore5/5.2/httpcore5-5.2.jar:/Users/mariano/.m2/repository/org/apache/httpcomponents/core5/httpcore5-h2/5.2/httpcore5-h2-5.2.jar:/Users/mariano/.m2/repository/com/jhlabs/filters/2.0.235/filters-2.0.235.jar:/Users/mariano/.m2/repository/com/paulhammant/ngwebdriver/1.1.6/ngwebdriver-1.1.6.jar:/Users/mariano/.m2/repository/joda-time/joda-time/2.12.2/joda-time-2.12.2.jar:/Users/mariano/.m2/repository/org/hamcrest/hamcrest/2.2/hamcrest-2.2.jar:/Users/mariano/.m2/repository/com/google/jimfs/jimfs/1.2/jimfs-1.2.jar:/Users/mariano/.m2/repository/org/mockito/mockito-core/3.3.3/mockito-core-3.3.3.jar:/Users/mariano/.m2/repository/javax/xml/bind/jaxb-api/2.3.1/jaxb-api-2.3.1.jar:/Users/mariano/.m2/repository/javax/activation/javax.activation-api/1.2.0/javax.activation-api-1.2.0.jar:/Users/mariano/.m2/repository/com/sun/xml/bind/jaxb-core/2.3.0.1/jaxb-core-2.3.0.1.jar:/Users/mariano/.m2/repository/com/sun/xml/bind/jaxb-impl/2.3.3/jaxb-impl-2.3.3.jar:/Users/mariano/.m2/repository/jakarta/xml/bind/jakarta.xml.bind-api/2.3.3/jakarta.xml.bind-api-2.3.3.jar:/Users/mariano/.m2/repository/com/sun/activation/jakarta.activation/1.2.2/jakarta.activation-1.2.2.jar:/Users/mariano/.m2/repository/javax/activation/activation/1.1.1/activation-1.1.1.jar:/Users/mariano/.m2/repository/net/serenity-bdd/serenity-cucumber/3.7.1/serenity-cucumber-3.7.1.jar:/Users/mariano/.m2/repository/io/cucumber/cucumber-core/7.11.0/cucumber-core-7.11.0.jar:/Users/mariano/.m2/repository/io/cucumber/cucumber-gherkin/7.11.0/cucumber-gherkin-7.11.0.jar:/Users/mariano/.m2/repository/io/cucumber/cucumber-gherkin-messages/7.11.0/cucumber-gherkin-messages-7.11.0.jar:/Users/mariano/.m2/repository/io/cucumber/gherkin/26.0.3/gherkin-26.0.3.jar:/Users/mariano/.m2/repository/io/cucumber/messages/21.0.1/messages-21.0.1.jar:/Users/mariano/.m2/repository/io/cucumber/tag-expressions/5.0.1/tag-expressions-5.0.1.jar:/Users/mariano/.m2/repository/io/cucumber/cucumber-expressions/16.1.1/cucumber-expressions-16.1.1.jar:/Users/mariano/.m2/repository/io/cucumber/datatable/7.11.0/datatable-7.11.0.jar:/Users/mariano/.m2/repository/io/cucumber/cucumber-plugin/7.11.0/cucumber-plugin-7.11.0.jar:/Users/mariano/.m2/repository/io/cucumber/docstring/7.11.0/docstring-7.11.0.jar:/Users/mariano/.m2/repository/io/cucumber/html-formatter/20.2.1/html-formatter-20.2.1.jar:/Users/mariano/.m2/repository/io/cucumber/junit-xml-formatter/0.1.0/junit-xml-formatter-0.1.0.jar:/Users/mariano/.m2/repository/io/cucumber/ci-environment/9.1.0/ci-environment-9.1.0.jar:/Users/mariano/.m2/repository/io/cucumber/cucumber-java/7.11.0/cucumber-java-7.11.0.jar:/Users/mariano/.m2/repository/io/cucumber/cucumber-junit/7.11.0/cucumber-junit-7.11.0.jar:/Users/mariano/.m2/repository/org/apache/commons/commons-csv/1.5/commons-csv-1.5.jar:/Users/mariano/.m2/repository/net/serenity-bdd/serenity-screenplay/3.7.1/serenity-screenplay-3.7.1.jar:/Users/mariano/.m2/repository/net/serenity-bdd/serenity-screenplay-webdriver/3.7.1/serenity-screenplay-webdriver-3.7.1.jar:/Users/mariano/.m2/repository/net/serenity-bdd/serenity-ensure/3.7.1/serenity-ensure-3.7.1.jar:/Users/mariano/.m2/repository/net/serenity-bdd/serenity-junit/3.7.1/serenity-junit-3.7.1.jar:/Users/mariano/.m2/repository/org/jetbrains/kotlin/kotlin-stdlib/1.8.10/kotlin-stdlib-1.8.10.jar:/Users/mariano/.m2/repository/org/jetbrains/kotlin/kotlin-stdlib-common/1.8.10/kotlin-stdlib-common-1.8.10.jar:/Users/mariano/.m2/repository/org/jetbrains/annotations/13.0/annotations-13.0.jar:/Users/mariano/.m2/repository/org/junit/platform/junit-platform-launcher/1.8.2/junit-platform-launcher-1.8.2.jar:/Users/mariano/.m2/repository/org/junit/platform/junit-platform-engine/1.8.2/junit-platform-engine-1.8.2.jar:/Users/mariano/.m2/repository/org/opentest4j/opentest4j/1.2.0/opentest4j-1.2.0.jar:/Users/mariano/.m2/repository/org/junit/platform/junit-platform-commons/1.8.2/junit-platform-commons-1.8.2.jar:/Users/mariano/.m2/repository/org/apiguardian/apiguardian-api/1.1.2/apiguardian-api-1.1.2.jar:/Users/mariano/.m2/repository/org/junit/jupiter/junit-jupiter-engine/5.8.2/junit-jupiter-engine-5.8.2.jar:/Users/mariano/.m2/repository/org/junit/jupiter/junit-jupiter-api/5.8.2/junit-jupiter-api-5.8.2.jar:/Users/mariano/.m2/repository/org/junit/vintage/junit-vintage-engine/5.8.2/junit-vintage-engine-5.8.2.jar:/Users/mariano/.m2/repository/junit/junit/4.13.2/junit-4.13.2.jar:/Users/mariano/.m2/repository/org/hamcrest/hamcrest-core/1.3/hamcrest-core-1.3.jar:/Users/mariano/.m2/repository/ch/qos/logback/logback-classic/1.2.10/logback-classic-1.2.10.jar:/Users/mariano/.m2/repository/ch/qos/logback/logback-core/1.2.10/logback-core-1.2.10.jar:/Users/mariano/.m2/repository/org/slf4j/slf4j-api/1.7.32/slf4j-api-1.7.32.jar:/Users/mariano/.m2/repository/org/assertj/assertj-core/3.23.1/assertj-core-3.23.1.jar:/Users/mariano/.m2/repository/net/bytebuddy/byte-buddy/1.12.10/byte-buddy-1.12.10.jar:"/>
    <property name="java.vm.vendor" value="Homebrew"/>
    <property name="sun.arch.data.model" value="64"/>
    <property name="java.vendor.url" value="https://github.com/Homebrew/homebrew-core/issues"/>
    <property name="user.timezone" value="America/Argentina/Cordoba"/>
    <property name="os.name" value="Mac OS X"/>
    <property name="java.vm.specification.version" value="17"/>
    <property name="sun.java.launcher" value="SUN_STANDARD"/>
    <property name="user.country" value="419"/>
    <property name="sun.boot.library.path" value="/opt/homebrew/Cellar/openjdk/17.0.2/libexec/openjdk.jdk/Contents/Home/lib"/>
    <property name="sun.java.command" value="org.apache.maven.surefire.booter.ForkedBooter /Users/mariano/Documents/Automation/CS/FE/appiumpoc/serenitybdd-appium-poc-main/target/surefire 2023-05-23T00-55-15_531-jvmRun1 surefire16127978571762299593tmp surefire_010449856266293231358tmp"/>
    <property name="http.nonProxyHosts" value="local|*.local|169.254/16|*.169.254/16"/>
    <property name="jdk.debug" value="release"/>
    <property name="surefire.test.class.path" value="/Users/mariano/Documents/Automation/CS/FE/appiumpoc/serenitybdd-appium-poc-main/target/test-classes:/Users/mariano/.m2/repository/net/serenity-bdd/serenity-core/3.7.1/serenity-core-3.7.1.jar:/Users/mariano/.m2/repository/net/serenity-bdd/serenity-model/3.7.1/serenity-model-3.7.1.jar:/Users/mariano/.m2/repository/org/apache/commons/commons-text/1.10.0/commons-text-1.10.0.jar:/Users/mariano/.m2/repository/commons-net/commons-net/3.9.0/commons-net-3.9.0.jar:/Users/mariano/.m2/repository/com/google/guava/guava/31.1-jre/guava-31.1-jre.jar:/Users/mariano/.m2/repository/com/google/guava/failureaccess/1.0.1/failureaccess-1.0.1.jar:/Users/mariano/.m2/repository/com/google/guava/listenablefuture/9999.0-empty-to-avoid-conflict-with-guava/listenablefuture-9999.0-empty-to-avoid-conflict-with-guava.jar:/Users/mariano/.m2/repository/com/google/code/findbugs/jsr305/3.0.2/jsr305-3.0.2.jar:/Users/mariano/.m2/repository/org/checkerframework/checker-qual/3.12.0/checker-qual-3.12.0.jar:/Users/mariano/.m2/repository/com/google/errorprone/error_prone_annotations/2.11.0/error_prone_annotations-2.11.0.jar:/Users/mariano/.m2/repository/com/google/j2objc/j2objc-annotations/1.3/j2objc-annotations-1.3.jar:/Users/mariano/.m2/repository/com/google/inject/guice/5.1.0/guice-5.1.0.jar:/Users/mariano/.m2/repository/javax/inject/javax.inject/1/javax.inject-1.jar:/Users/mariano/.m2/repository/aopalliance/aopalliance/1.0/aopalliance-1.0.jar:/Users/mariano/.m2/repository/org/jsoup/jsoup/1.15.4/jsoup-1.15.4.jar:/Users/mariano/.m2/repository/com/thoughtworks/xstream/xstream/1.4.20/xstream-1.4.20.jar:/Users/mariano/.m2/repository/io/github/x-stream/mxparser/1.2.2/mxparser-1.2.2.jar:/Users/mariano/.m2/repository/xmlpull/xmlpull/1.1.3.1/xmlpull-1.1.3.1.jar:/Users/mariano/.m2/repository/com/typesafe/config/1.4.2/config-1.4.2.jar:/Users/mariano/.m2/repository/org/imgscalr/imgscalr-lib/4.2/imgscalr-lib-4.2.jar:/Users/mariano/.m2/repository/org/awaitility/awaitility/4.2.0/awaitility-4.2.0.jar:/Users/mariano/.m2/repository/org/freemarker/freemarker/2.3.31/freemarker-2.3.31.jar:/Users/mariano/.m2/repository/io/github/classgraph/classgraph/4.8.138/classgraph-4.8.138.jar:/Users/mariano/.m2/repository/net/sourceforge/jexcelapi/jxl/2.6.12/jxl-2.6.12.jar:/Users/mariano/.m2/repository/net/bytebuddy/byte-buddy-agent/1.14.2/byte-buddy-agent-1.14.2.jar:/Users/mariano/.m2/repository/org/objenesis/objenesis/3.3/objenesis-3.3.jar:/Users/mariano/.m2/repository/com/vladsch/flexmark/flexmark-all/0.62.2/flexmark-all-0.62.2.jar:/Users/mariano/.m2/repository/com/vladsch/flexmark/flexmark/0.62.2/flexmark-0.62.2.jar:/Users/mariano/.m2/repository/com/vladsch/flexmark/flexmark-ext-abbreviation/0.62.2/flexmark-ext-abbreviation-0.62.2.jar:/Users/mariano/.m2/repository/com/vladsch/flexmark/flexmark-util/0.62.2/flexmark-util-0.62.2.jar:/Users/mariano/.m2/repository/com/vladsch/flexmark/flexmark-ext-admonition/0.62.2/flexmark-ext-admonition-0.62.2.jar:/Users/mariano/.m2/repository/com/vladsch/flexmark/flexmark-ext-anchorlink/0.62.2/flexmark-ext-anchorlink-0.62.2.jar:/Users/mariano/.m2/repository/com/vladsch/flexmark/flexmark-ext-aside/0.62.2/flexmark-ext-aside-0.62.2.jar:/Users/mariano/.m2/repository/com/vladsch/flexmark/flexmark-ext-attributes/0.62.2/flexmark-ext-attributes-0.62.2.jar:/Users/mariano/.m2/repository/com/vladsch/flexmark/flexmark-ext-autolink/0.62.2/flexmark-ext-autolink-0.62.2.jar:/Users/mariano/.m2/repository/org/nibor/autolink/autolink/0.6.0/autolink-0.6.0.jar:/Users/mariano/.m2/repository/com/vladsch/flexmark/flexmark-ext-definition/0.62.2/flexmark-ext-definition-0.62.2.jar:/Users/mariano/.m2/repository/com/vladsch/flexmark/flexmark-ext-emoji/0.62.2/flexmark-ext-emoji-0.62.2.jar:/Users/mariano/.m2/repository/com/vladsch/flexmark/flexmark-ext-enumerated-reference/0.62.2/flexmark-ext-enumerated-reference-0.62.2.jar:/Users/mariano/.m2/repository/com/vladsch/flexmark/flexmark-ext-escaped-character/0.62.2/flexmark-ext-escaped-character-0.62.2.jar:/Users/mariano/.m2/repository/com/vladsch/flexmark/flexmark-ext-footnotes/0.62.2/flexmark-ext-footnotes-0.62.2.jar:/Users/mariano/.m2/repository/com/vladsch/flexmark/flexmark-ext-gfm-issues/0.62.2/flexmark-ext-gfm-issues-0.62.2.jar:/Users/mariano/.m2/repository/com/vladsch/flexmark/flexmark-ext-gfm-strikethrough/0.62.2/flexmark-ext-gfm-strikethrough-0.62.2.jar:/Users/mariano/.m2/repository/com/vladsch/flexmark/flexmark-ext-gfm-tasklist/0.62.2/flexmark-ext-gfm-tasklist-0.62.2.jar:/Users/mariano/.m2/repository/com/vladsch/flexmark/flexmark-ext-gfm-users/0.62.2/flexmark-ext-gfm-users-0.62.2.jar:/Users/mariano/.m2/repository/com/vladsch/flexmark/flexmark-ext-gitlab/0.62.2/flexmark-ext-gitlab-0.62.2.jar:/Users/mariano/.m2/repository/com/vladsch/flexmark/flexmark-ext-jekyll-front-matter/0.62.2/flexmark-ext-jekyll-front-matter-0.62.2.jar:/Users/mariano/.m2/repository/com/vladsch/flexmark/flexmark-ext-jekyll-tag/0.62.2/flexmark-ext-jekyll-tag-0.62.2.jar:/Users/mariano/.m2/repository/com/vladsch/flexmark/flexmark-ext-media-tags/0.62.2/flexmark-ext-media-tags-0.62.2.jar:/Users/mariano/.m2/repository/com/vladsch/flexmark/flexmark-ext-macros/0.62.2/flexmark-ext-macros-0.62.2.jar:/Users/mariano/.m2/repository/com/vladsch/flexmark/flexmark-ext-ins/0.62.2/flexmark-ext-ins-0.62.2.jar:/Users/mariano/.m2/repository/com/vladsch/flexmark/flexmark-ext-xwiki-macros/0.62.2/flexmark-ext-xwiki-macros-0.62.2.jar:/Users/mariano/.m2/repository/com/vladsch/flexmark/flexmark-ext-superscript/0.62.2/flexmark-ext-superscript-0.62.2.jar:/Users/mariano/.m2/repository/com/vladsch/flexmark/flexmark-ext-tables/0.62.2/flexmark-ext-tables-0.62.2.jar:/Users/mariano/.m2/repository/com/vladsch/flexmark/flexmark-ext-toc/0.62.2/flexmark-ext-toc-0.62.2.jar:/Users/mariano/.m2/repository/com/vladsch/flexmark/flexmark-ext-typographic/0.62.2/flexmark-ext-typographic-0.62.2.jar:/Users/mariano/.m2/repository/com/vladsch/flexmark/flexmark-ext-wikilink/0.62.2/flexmark-ext-wikilink-0.62.2.jar:/Users/mariano/.m2/repository/com/vladsch/flexmark/flexmark-ext-yaml-front-matter/0.62.2/flexmark-ext-yaml-front-matter-0.62.2.jar:/Users/mariano/.m2/repository/com/vladsch/flexmark/flexmark-ext-youtube-embedded/0.62.2/flexmark-ext-youtube-embedded-0.62.2.jar:/Users/mariano/.m2/repository/com/vladsch/flexmark/flexmark-html2md-converter/0.62.2/flexmark-html2md-converter-0.62.2.jar:/Users/mariano/.m2/repository/com/vladsch/flexmark/flexmark-jira-converter/0.62.2/flexmark-jira-converter-0.62.2.jar:/Users/mariano/.m2/repository/com/vladsch/flexmark/flexmark-pdf-converter/0.62.2/flexmark-pdf-converter-0.62.2.jar:/Users/mariano/.m2/repository/com/openhtmltopdf/openhtmltopdf-core/1.0.0/openhtmltopdf-core-1.0.0.jar:/Users/mariano/.m2/repository/com/openhtmltopdf/openhtmltopdf-pdfbox/1.0.0/openhtmltopdf-pdfbox-1.0.0.jar:/Users/mariano/.m2/repository/org/apache/pdfbox/pdfbox/2.0.16/pdfbox-2.0.16.jar:/Users/mariano/.m2/repository/org/apache/pdfbox/fontbox/2.0.16/fontbox-2.0.16.jar:/Users/mariano/.m2/repository/org/apache/pdfbox/xmpbox/2.0.16/xmpbox-2.0.16.jar:/Users/mariano/.m2/repository/de/rototor/pdfbox/graphics2d/0.24/graphics2d-0.24.jar:/Users/mariano/.m2/repository/com/openhtmltopdf/openhtmltopdf-rtl-support/1.0.0/openhtmltopdf-rtl-support-1.0.0.jar:/Users/mariano/.m2/repository/com/openhtmltopdf/openhtmltopdf-jsoup-dom-converter/1.0.0/openhtmltopdf-jsoup-dom-converter-1.0.0.jar:/Users/mariano/.m2/repository/com/vladsch/flexmark/flexmark-profile-pegdown/0.62.2/flexmark-profile-pegdown-0.62.2.jar:/Users/mariano/.m2/repository/com/vladsch/flexmark/flexmark-util-ast/0.62.2/flexmark-util-ast-0.62.2.jar:/Users/mariano/.m2/repository/com/vladsch/flexmark/flexmark-util-builder/0.62.2/flexmark-util-builder-0.62.2.jar:/Users/mariano/.m2/repository/com/vladsch/flexmark/flexmark-util-collection/0.62.2/flexmark-util-collection-0.62.2.jar:/Users/mariano/.m2/repository/com/vladsch/flexmark/flexmark-util-data/0.62.2/flexmark-util-data-0.62.2.jar:/Users/mariano/.m2/repository/com/vladsch/flexmark/flexmark-util-dependency/0.62.2/flexmark-util-dependency-0.62.2.jar:/Users/mariano/.m2/repository/com/vladsch/flexmark/flexmark-util-format/0.62.2/flexmark-util-format-0.62.2.jar:/Users/mariano/.m2/repository/com/vladsch/flexmark/flexmark-util-html/0.62.2/flexmark-util-html-0.62.2.jar:/Users/mariano/.m2/repository/com/vladsch/flexmark/flexmark-util-misc/0.62.2/flexmark-util-misc-0.62.2.jar:/Users/mariano/.m2/repository/com/vladsch/flexmark/flexmark-util-options/0.62.2/flexmark-util-options-0.62.2.jar:/Users/mariano/.m2/repository/com/vladsch/flexmark/flexmark-util-sequence/0.62.2/flexmark-util-sequence-0.62.2.jar:/Users/mariano/.m2/repository/com/vladsch/flexmark/flexmark-util-visitor/0.62.2/flexmark-util-visitor-0.62.2.jar:/Users/mariano/.m2/repository/com/vladsch/flexmark/flexmark-youtrack-converter/0.62.2/flexmark-youtrack-converter-0.62.2.jar:/Users/mariano/.m2/repository/net/serenity-bdd/serenity-reports/3.7.1/serenity-reports-3.7.1.jar:/Users/mariano/.m2/repository/net/serenity-bdd/serenity-stats/3.7.1/serenity-stats-3.7.1.jar:/Users/mariano/.m2/repository/net/serenity-bdd/serenity-reports-configuration/3.7.1/serenity-reports-configuration-3.7.1.jar:/Users/mariano/.m2/repository/com/ibm/icu/icu4j/72.1/icu4j-72.1.jar:/Users/mariano/.m2/repository/es/nitaur/markdown/txtmark/0.16/txtmark-0.16.jar:/Users/mariano/.m2/repository/net/serenity-bdd/serenity-report-resources/3.7.1/serenity-report-resources-3.7.1.jar:/Users/mariano/.m2/repository/com/google/code/gson/gson/2.10.1/gson-2.10.1.jar:/Users/mariano/.m2/repository/com/fasterxml/jackson/core/jackson-core/2.15.0-rc1/jackson-core-2.15.0-rc1.jar:/Users/mariano/.m2/repository/com/fasterxml/jackson/core/jackson-databind/2.15.0-rc1/jackson-databind-2.15.0-rc1.jar:/Users/mariano/.m2/repository/com/fasterxml/jackson/core/jackson-annotations/2.15.0-rc1/jackson-annotations-2.15.0-rc1.jar:/Users/mariano/.m2/repository/commons-codec/commons-codec/1.15/commons-codec-1.15.jar:/Users/mariano/.m2/repository/commons-io/commons-io/2.11.0/commons-io-2.11.0.jar:/Users/mariano/.m2/repository/org/apache/httpcomponents/httpclient/4.5.13/httpclient-4.5.13.jar:/Users/mariano/.m2/repository/org/apache/httpcomponents/httpcore/4.4.13/httpcore-4.4.13.jar:/Users/mariano/.m2/repository/commons-logging/commons-logging/1.2/commons-logging-1.2.jar:/Users/mariano/.m2/repository/org/seleniumhq/selenium/selenium-java/4.9.0/selenium-java-4.9.0.jar:/Users/mariano/.m2/repository/org/seleniumhq/selenium/selenium-devtools-v110/4.9.0/selenium-devtools-v110-4.9.0.jar:/Users/mariano/.m2/repository/org/seleniumhq/selenium/selenium-devtools-v111/4.9.0/selenium-devtools-v111-4.9.0.jar:/Users/mariano/.m2/repository/org/seleniumhq/selenium/selenium-devtools-v112/4.9.0/selenium-devtools-v112-4.9.0.jar:/Users/mariano/.m2/repository/org/seleniumhq/selenium/selenium-devtools-v85/4.9.0/selenium-devtools-v85-4.9.0.jar:/Users/mariano/.m2/repository/org/seleniumhq/selenium/selenium-remote-driver/4.9.0/selenium-remote-driver-4.9.0.jar:/Users/mariano/.m2/repository/com/beust/jcommander/1.82/jcommander-1.82.jar:/Users/mariano/.m2/repository/io/netty/netty-buffer/4.1.91.Final/netty-buffer-4.1.91.Final.jar:/Users/mariano/.m2/repository/io/netty/netty-codec-http/4.1.91.Final/netty-codec-http-4.1.91.Final.jar:/Users/mariano/.m2/repository/io/netty/netty-codec/4.1.91.Final/netty-codec-4.1.91.Final.jar:/Users/mariano/.m2/repository/io/netty/netty-handler/4.1.91.Final/netty-handler-4.1.91.Final.jar:/Users/mariano/.m2/repository/io/netty/netty-common/4.1.91.Final/netty-common-4.1.91.Final.jar:/Users/mariano/.m2/repository/io/netty/netty-transport-classes-epoll/4.1.91.Final/netty-transport-classes-epoll-4.1.91.Final.jar:/Users/mariano/.m2/repository/io/netty/netty-transport-classes-kqueue/4.1.91.Final/netty-transport-classes-kqueue-4.1.91.Final.jar:/Users/mariano/.m2/repository/io/netty/netty-transport-native-epoll/4.1.91.Final/netty-transport-native-epoll-4.1.91.Final.jar:/Users/mariano/.m2/repository/io/netty/netty-transport-native-kqueue/4.1.91.Final/netty-transport-native-kqueue-4.1.91.Final.jar:/Users/mariano/.m2/repository/io/netty/netty-transport-native-unix-common/4.1.91.Final/netty-transport-native-unix-common-4.1.91.Final.jar:/Users/mariano/.m2/repository/io/netty/netty-transport/4.1.91.Final/netty-transport-4.1.91.Final.jar:/Users/mariano/.m2/repository/io/netty/netty-resolver/4.1.91.Final/netty-resolver-4.1.91.Final.jar:/Users/mariano/.m2/repository/io/opentelemetry/opentelemetry-api/1.25.0/opentelemetry-api-1.25.0.jar:/Users/mariano/.m2/repository/io/opentelemetry/opentelemetry-context/1.25.0/opentelemetry-context-1.25.0.jar:/Users/mariano/.m2/repository/io/opentelemetry/opentelemetry-exporter-logging/1.25.0/opentelemetry-exporter-logging-1.25.0.jar:/Users/mariano/.m2/repository/io/opentelemetry/opentelemetry-sdk-metrics/1.25.0/opentelemetry-sdk-metrics-1.25.0.jar:/Users/mariano/.m2/repository/io/opentelemetry/opentelemetry-sdk-logs/1.25.0-alpha/opentelemetry-sdk-logs-1.25.0-alpha.jar:/Users/mariano/.m2/repository/io/opentelemetry/opentelemetry-api-logs/1.25.0-alpha/opentelemetry-api-logs-1.25.0-alpha.jar:/Users/mariano/.m2/repository/io/opentelemetry/opentelemetry-api-events/1.25.0-alpha/opentelemetry-api-events-1.25.0-alpha.jar:/Users/mariano/.m2/repository/io/opentelemetry/opentelemetry-sdk-common/1.25.0/opentelemetry-sdk-common-1.25.0.jar:/Users/mariano/.m2/repository/io/opentelemetry/opentelemetry-sdk-extension-autoconfigure-spi/1.25.0/opentelemetry-sdk-extension-autoconfigure-spi-1.25.0.jar:/Users/mariano/.m2/repository/io/opentelemetry/opentelemetry-sdk-extension-autoconfigure/1.25.0-alpha/opentelemetry-sdk-extension-autoconfigure-1.25.0-alpha.jar:/Users/mariano/.m2/repository/io/opentelemetry/opentelemetry-sdk-trace/1.25.0/opentelemetry-sdk-trace-1.25.0.jar:/Users/mariano/.m2/repository/io/opentelemetry/opentelemetry-sdk/1.25.0/opentelemetry-sdk-1.25.0.jar:/Users/mariano/.m2/repository/io/opentelemetry/opentelemetry-semconv/1.25.0-alpha/opentelemetry-semconv-1.25.0-alpha.jar:/Users/mariano/.m2/repository/io/ous/jtoml/2.0.0/jtoml-2.0.0.jar:/Users/mariano/.m2/repository/org/apache/commons/commons-exec/1.3/commons-exec-1.3.jar:/Users/mariano/.m2/repository/org/asynchttpclient/async-http-client/2.12.3/async-http-client-2.12.3.jar:/Users/mariano/.m2/repository/org/asynchttpclient/async-http-client-netty-utils/2.12.3/async-http-client-netty-utils-2.12.3.jar:/Users/mariano/.m2/repository/io/netty/netty-codec-socks/4.1.60.Final/netty-codec-socks-4.1.60.Final.jar:/Users/mariano/.m2/repository/io/netty/netty-handler-proxy/4.1.60.Final/netty-handler-proxy-4.1.60.Final.jar:/Users/mariano/.m2/repository/io/netty/netty-transport-native-epoll/4.1.60.Final/netty-transport-native-epoll-4.1.60.Final-linux-x86_64.jar:/Users/mariano/.m2/repository/io/netty/netty-transport-native-kqueue/4.1.60.Final/netty-transport-native-kqueue-4.1.60.Final-osx-x86_64.jar:/Users/mariano/.m2/repository/org/reactivestreams/reactive-streams/1.0.3/reactive-streams-1.0.3.jar:/Users/mariano/.m2/repository/com/typesafe/netty/netty-reactive-streams/2.0.4/netty-reactive-streams-2.0.4.jar:/Users/mariano/.m2/repository/org/seleniumhq/selenium/selenium-safari-driver/4.9.0/selenium-safari-driver-4.9.0.jar:/Users/mariano/.m2/repository/org/seleniumhq/selenium/selenium-api/4.9.0/selenium-api-4.9.0.jar:/Users/mariano/.m2/repository/org/seleniumhq/selenium/selenium-support/4.9.0/selenium-support-4.9.0.jar:/Users/mariano/.m2/repository/com/google/auto/service/auto-service-annotations/1.0.1/auto-service-annotations-1.0.1.jar:/Users/mariano/.m2/repository/com/google/auto/service/auto-service/1.0.1/auto-service-1.0.1.jar:/Users/mariano/.m2/repository/com/google/auto/auto-common/1.2/auto-common-1.2.jar:/Users/mariano/.m2/repository/org/seleniumhq/selenium/selenium-json/4.9.0/selenium-json-4.9.0.jar:/Users/mariano/.m2/repository/org/seleniumhq/selenium/selenium-chrome-driver/4.9.0/selenium-chrome-driver-4.9.0.jar:/Users/mariano/.m2/repository/org/seleniumhq/selenium/selenium-chromium-driver/4.9.0/selenium-chromium-driver-4.9.0.jar:/Users/mariano/.m2/repository/org/seleniumhq/selenium/selenium-manager/4.9.0/selenium-manager-4.9.0.jar:/Users/mariano/.m2/repository/org/seleniumhq/selenium/selenium-firefox-driver/4.9.0/selenium-firefox-driver-4.9.0.jar:/Users/mariano/.m2/repository/org/seleniumhq/selenium/selenium-http/4.9.0/selenium-http-4.9.0.jar:/Users/mariano/.m2/repository/dev/failsafe/failsafe/3.3.1/failsafe-3.3.1.jar:/Users/mariano/.m2/repository/org/seleniumhq/selenium/selenium-edge-driver/4.9.0/selenium-edge-driver-4.9.0.jar:/Users/mariano/.m2/repository/org/seleniumhq/selenium/selenium-ie-driver/4.9.0/selenium-ie-driver-4.9.0.jar:/Users/mariano/.m2/repository/org/projectlombok/lombok/1.18.20/lombok-1.18.20.jar:/Users/mariano/.m2/repository/org/htmlunit/htmlunit/3.0.0/htmlunit-3.0.0.jar:/Users/mariano/.m2/repository/org/apache/httpcomponents/httpmime/4.5.14/httpmime-4.5.14.jar:/Users/mariano/.m2/repository/org/htmlunit/htmlunit-core-js/3.0.0/htmlunit-core-js-3.0.0.jar:/Users/mariano/.m2/repository/org/htmlunit/neko-htmlunit/3.0.0/neko-htmlunit-3.0.0.jar:/Users/mariano/.m2/repository/org/htmlunit/htmlunit-cssparser/3.0.0/htmlunit-cssparser-3.0.0.jar:/Users/mariano/.m2/repository/org/htmlunit/htmlunit-xpath/3.0.0/htmlunit-xpath-3.0.0.jar:/Users/mariano/.m2/repository/org/brotli/dec/0.1.2/dec-0.1.2.jar:/Users/mariano/.m2/repository/com/shapesecurity/salvation2/3.0.1/salvation2-3.0.1.jar:/Users/mariano/.m2/repository/org/eclipse/jetty/websocket/websocket-client/9.4.51.v20230217/websocket-client-9.4.51.v20230217.jar:/Users/mariano/.m2/repository/org/eclipse/jetty/jetty-client/9.4.51.v20230217/jetty-client-9.4.51.v20230217.jar:/Users/mariano/.m2/repository/org/eclipse/jetty/jetty-http/9.4.51.v20230217/jetty-http-9.4.51.v20230217.jar:/Users/mariano/.m2/repository/org/eclipse/jetty/jetty-util/9.4.51.v20230217/jetty-util-9.4.51.v20230217.jar:/Users/mariano/.m2/repository/org/eclipse/jetty/jetty-io/9.4.51.v20230217/jetty-io-9.4.51.v20230217.jar:/Users/mariano/.m2/repository/org/eclipse/jetty/websocket/websocket-common/9.4.51.v20230217/websocket-common-9.4.51.v20230217.jar:/Users/mariano/.m2/repository/org/eclipse/jetty/websocket/websocket-api/9.4.51.v20230217/websocket-api-9.4.51.v20230217.jar:/Users/mariano/.m2/repository/org/seleniumhq/selenium/htmlunit3-driver/4.8.1/htmlunit3-driver-4.8.1.jar:/Users/mariano/.m2/repository/io/appium/java-client/8.3.0/java-client-8.3.0.jar:/Users/mariano/.m2/repository/commons-validator/commons-validator/1.7/commons-validator-1.7.jar:/Users/mariano/.m2/repository/commons-digester/commons-digester/2.1/commons-digester-2.1.jar:/Users/mariano/.m2/repository/org/apache/groovy/groovy/4.0.10/groovy-4.0.10.jar:/Users/mariano/.m2/repository/net/sf/opencsv/opencsv/2.0/opencsv-2.0.jar:/Users/mariano/.m2/repository/commons-beanutils/commons-beanutils/1.9.4/commons-beanutils-1.9.4.jar:/Users/mariano/.m2/repository/org/apache/commons/commons-lang3/3.12.0/commons-lang3-3.12.0.jar:/Users/mariano/.m2/repository/commons-collections/commons-collections/3.2.2/commons-collections-3.2.2.jar:/Users/mariano/.m2/repository/org/fluentlenium/fluentlenium-core/0.10.2/fluentlenium-core-0.10.2.jar:/Users/mariano/.m2/repository/io/github/bonigarcia/webdrivermanager/5.3.2/webdrivermanager-5.3.2.jar:/Users/mariano/.m2/repository/com/github/docker-java/docker-java/3.2.14/docker-java-3.2.14.jar:/Users/mariano/.m2/repository/com/github/docker-java/docker-java-core/3.2.14/docker-java-core-3.2.14.jar:/Users/mariano/.m2/repository/com/github/docker-java/docker-java-api/3.2.14/docker-java-api-3.2.14.jar:/Users/mariano/.m2/repository/org/apache/commons/commons-compress/1.21/commons-compress-1.21.jar:/Users/mariano/.m2/repository/org/bouncycastle/bcpkix-jdk15on/1.64/bcpkix-jdk15on-1.64.jar:/Users/mariano/.m2/repository/org/bouncycastle/bcprov-jdk15on/1.64/bcprov-jdk15on-1.64.jar:/Users/mariano/.m2/repository/org/slf4j/jcl-over-slf4j/1.7.30/jcl-over-slf4j-1.7.30.jar:/Users/mariano/.m2/repository/com/github/docker-java/docker-java-transport-httpclient5/3.2.14/docker-java-transport-httpclient5-3.2.14.jar:/Users/mariano/.m2/repository/com/github/docker-java/docker-java-transport/3.2.14/docker-java-transport-3.2.14.jar:/Users/mariano/.m2/repository/net/java/dev/jna/jna/5.12.1/jna-5.12.1.jar:/Users/mariano/.m2/repository/org/apache/httpcomponents/client5/httpclient5/5.2.1/httpclient5-5.2.1.jar:/Users/mariano/.m2/repository/org/apache/httpcomponents/core5/httpcore5/5.2/httpcore5-5.2.jar:/Users/mariano/.m2/repository/org/apache/httpcomponents/core5/httpcore5-h2/5.2/httpcore5-h2-5.2.jar:/Users/mariano/.m2/repository/com/jhlabs/filters/2.0.235/filters-2.0.235.jar:/Users/mariano/.m2/repository/com/paulhammant/ngwebdriver/1.1.6/ngwebdriver-1.1.6.jar:/Users/mariano/.m2/repository/joda-time/joda-time/2.12.2/joda-time-2.12.2.jar:/Users/mariano/.m2/repository/org/hamcrest/hamcrest/2.2/hamcrest-2.2.jar:/Users/mariano/.m2/repository/com/google/jimfs/jimfs/1.2/jimfs-1.2.jar:/Users/mariano/.m2/repository/org/mockito/mockito-core/3.3.3/mockito-core-3.3.3.jar:/Users/mariano/.m2/repository/javax/xml/bind/jaxb-api/2.3.1/jaxb-api-2.3.1.jar:/Users/mariano/.m2/repository/javax/activation/javax.activation-api/1.2.0/javax.activation-api-1.2.0.jar:/Users/mariano/.m2/repository/com/sun/xml/bind/jaxb-core/2.3.0.1/jaxb-core-2.3.0.1.jar:/Users/mariano/.m2/repository/com/sun/xml/bind/jaxb-impl/2.3.3/jaxb-impl-2.3.3.jar:/Users/mariano/.m2/repository/jakarta/xml/bind/jakarta.xml.bind-api/2.3.3/jakarta.xml.bind-api-2.3.3.jar:/Users/mariano/.m2/repository/com/sun/activation/jakarta.activation/1.2.2/jakarta.activation-1.2.2.jar:/Users/mariano/.m2/repository/javax/activation/activation/1.1.1/activation-1.1.1.jar:/Users/mariano/.m2/repository/net/serenity-bdd/serenity-cucumber/3.7.1/serenity-cucumber-3.7.1.jar:/Users/mariano/.m2/repository/io/cucumber/cucumber-core/7.11.0/cucumber-core-7.11.0.jar:/Users/mariano/.m2/repository/io/cucumber/cucumber-gherkin/7.11.0/cucumber-gherkin-7.11.0.jar:/Users/mariano/.m2/repository/io/cucumber/cucumber-gherkin-messages/7.11.0/cucumber-gherkin-messages-7.11.0.jar:/Users/mariano/.m2/repository/io/cucumber/gherkin/26.0.3/gherkin-26.0.3.jar:/Users/mariano/.m2/repository/io/cucumber/messages/21.0.1/messages-21.0.1.jar:/Users/mariano/.m2/repository/io/cucumber/tag-expressions/5.0.1/tag-expressions-5.0.1.jar:/Users/mariano/.m2/repository/io/cucumber/cucumber-expressions/16.1.1/cucumber-expressions-16.1.1.jar:/Users/mariano/.m2/repository/io/cucumber/datatable/7.11.0/datatable-7.11.0.jar:/Users/mariano/.m2/repository/io/cucumber/cucumber-plugin/7.11.0/cucumber-plugin-7.11.0.jar:/Users/mariano/.m2/repository/io/cucumber/docstring/7.11.0/docstring-7.11.0.jar:/Users/mariano/.m2/repository/io/cucumber/html-formatter/20.2.1/html-formatter-20.2.1.jar:/Users/mariano/.m2/repository/io/cucumber/junit-xml-formatter/0.1.0/junit-xml-formatter-0.1.0.jar:/Users/mariano/.m2/repository/io/cucumber/ci-environment/9.1.0/ci-environment-9.1.0.jar:/Users/mariano/.m2/repository/io/cucumber/cucumber-java/7.11.0/cucumber-java-7.11.0.jar:/Users/mariano/.m2/repository/io/cucumber/cucumber-junit/7.11.0/cucumber-junit-7.11.0.jar:/Users/mariano/.m2/repository/org/apache/commons/commons-csv/1.5/commons-csv-1.5.jar:/Users/mariano/.m2/repository/net/serenity-bdd/serenity-screenplay/3.7.1/serenity-screenplay-3.7.1.jar:/Users/mariano/.m2/repository/net/serenity-bdd/serenity-screenplay-webdriver/3.7.1/serenity-screenplay-webdriver-3.7.1.jar:/Users/mariano/.m2/repository/net/serenity-bdd/serenity-ensure/3.7.1/serenity-ensure-3.7.1.jar:/Users/mariano/.m2/repository/net/serenity-bdd/serenity-junit/3.7.1/serenity-junit-3.7.1.jar:/Users/mariano/.m2/repository/org/jetbrains/kotlin/kotlin-stdlib/1.8.10/kotlin-stdlib-1.8.10.jar:/Users/mariano/.m2/repository/org/jetbrains/kotlin/kotlin-stdlib-common/1.8.10/kotlin-stdlib-common-1.8.10.jar:/Users/mariano/.m2/repository/org/jetbrains/annotations/13.0/annotations-13.0.jar:/Users/mariano/.m2/repository/org/junit/platform/junit-platform-launcher/1.8.2/junit-platform-launcher-1.8.2.jar:/Users/mariano/.m2/repository/org/junit/platform/junit-platform-engine/1.8.2/junit-platform-engine-1.8.2.jar:/Users/mariano/.m2/repository/org/opentest4j/opentest4j/1.2.0/opentest4j-1.2.0.jar:/Users/mariano/.m2/repository/org/junit/platform/junit-platform-commons/1.8.2/junit-platform-commons-1.8.2.jar:/Users/mariano/.m2/repository/org/apiguardian/apiguardian-api/1.1.2/apiguardian-api-1.1.2.jar:/Users/mariano/.m2/repository/org/junit/jupiter/junit-jupiter-engine/5.8.2/junit-jupiter-engine-5.8.2.jar:/Users/mariano/.m2/repository/org/junit/jupiter/junit-jupiter-api/5.8.2/junit-jupiter-api-5.8.2.jar:/Users/mariano/.m2/repository/org/junit/vintage/junit-vintage-engine/5.8.2/junit-vintage-engine-5.8.2.jar:/Users/mariano/.m2/repository/junit/junit/4.13.2/junit-4.13.2.jar:/Users/mariano/.m2/repository/org/hamcrest/hamcrest-core/1.3/hamcrest-core-1.3.jar:/Users/mariano/.m2/repository/ch/qos/logback/logback-classic/1.2.10/logback-classic-1.2.10.jar:/Users/mariano/.m2/repository/ch/qos/logback/logback-core/1.2.10/logback-core-1.2.10.jar:/Users/mariano/.m2/repository/org/slf4j/slf4j-api/1.7.32/slf4j-api-1.7.32.jar:/Users/mariano/.m2/repository/org/assertj/assertj-core/3.23.1/assertj-core-3.23.1.jar:/Users/mariano/.m2/repository/net/bytebuddy/byte-buddy/1.12.10/byte-buddy-1.12.10.jar:"/>
    <property name="sun.cpu.endian" value="little"/>
    <property name="user.home" value="/Users/mariano"/>
    <property name="user.language" value="es"/>
    <property name="java.specification.vendor" value="Oracle Corporation"/>
    <property name="jdk.module.path" value="/Users/mariano/Documents/Automation/CS/FE/appiumpoc/serenitybdd-appium-poc-main/target/serenitybddwebinspanishtrainingv2-1.0.0-SNAPSHOT.jar"/>
    <property name="java.version.date" value="2022-01-18"/>
    <property name="java.home" value="/opt/homebrew/Cellar/openjdk/17.0.2/libexec/openjdk.jdk/Contents/Home"/>
    <property name="file.separator" value="/"/>
    <property name="basedir" value="/Users/mariano/Documents/Automation/CS/FE/appiumpoc/serenitybdd-appium-poc-main"/>
    <property name="java.vm.compressedOopsMode" value="Zero based"/>
    <property name="line.separator" value="&#10;"/>
    <property name="java.vm.specification.vendor" value="Oracle Corporation"/>
    <property name="java.specification.name" value="Java Platform API Specification"/>
    <property name="surefire.real.class.path" value="/Users/mariano/.m2/repository/org/apache/maven/surefire/surefire-booter/3.0.0-M5/surefire-booter-3.0.0-M5.jar:/Users/mariano/.m2/repository/org/apache/maven/surefire/surefire-api/3.0.0-M5/surefire-api-3.0.0-M5.jar:/Users/mariano/.m2/repository/org/apache/maven/surefire/surefire-logger-api/3.0.0-M5/surefire-logger-api-3.0.0-M5.jar:/Users/mariano/.m2/repository/org/apache/maven/surefire/surefire-shared-utils/3.0.0-M4/surefire-shared-utils-3.0.0-M4.jar:/Users/mariano/.m2/repository/org/apache/maven/surefire/surefire-extensions-spi/3.0.0-M5/surefire-extensions-spi-3.0.0-M5.jar:/Users/mariano/Documents/Automation/CS/FE/appiumpoc/serenitybdd-appium-poc-main/target/test-classes:/Users/mariano/.m2/repository/net/serenity-bdd/serenity-core/3.7.1/serenity-core-3.7.1.jar:/Users/mariano/.m2/repository/net/serenity-bdd/serenity-model/3.7.1/serenity-model-3.7.1.jar:/Users/mariano/.m2/repository/org/apache/commons/commons-text/1.10.0/commons-text-1.10.0.jar:/Users/mariano/.m2/repository/commons-net/commons-net/3.9.0/commons-net-3.9.0.jar:/Users/mariano/.m2/repository/com/google/guava/guava/31.1-jre/guava-31.1-jre.jar:/Users/mariano/.m2/repository/com/google/guava/failureaccess/1.0.1/failureaccess-1.0.1.jar:/Users/mariano/.m2/repository/com/google/guava/listenablefuture/9999.0-empty-to-avoid-conflict-with-guava/listenablefuture-9999.0-empty-to-avoid-conflict-with-guava.jar:/Users/mariano/.m2/repository/com/google/code/findbugs/jsr305/3.0.2/jsr305-3.0.2.jar:/Users/mariano/.m2/repository/org/checkerframework/checker-qual/3.12.0/checker-qual-3.12.0.jar:/Users/mariano/.m2/repository/com/google/errorprone/error_prone_annotations/2.11.0/error_prone_annotations-2.11.0.jar:/Users/mariano/.m2/repository/com/google/j2objc/j2objc-annotations/1.3/j2objc-annotations-1.3.jar:/Users/mariano/.m2/repository/com/google/inject/guice/5.1.0/guice-5.1.0.jar:/Users/mariano/.m2/repository/javax/inject/javax.inject/1/javax.inject-1.jar:/Users/mariano/.m2/repository/aopalliance/aopalliance/1.0/aopalliance-1.0.jar:/Users/mariano/.m2/repository/org/jsoup/jsoup/1.15.4/jsoup-1.15.4.jar:/Users/mariano/.m2/repository/com/thoughtworks/xstream/xstream/1.4.20/xstream-1.4.20.jar:/Users/mariano/.m2/repository/io/github/x-stream/mxparser/1.2.2/mxparser-1.2.2.jar:/Users/mariano/.m2/repository/xmlpull/xmlpull/1.1.3.1/xmlpull-1.1.3.1.jar:/Users/mariano/.m2/repository/com/typesafe/config/1.4.2/config-1.4.2.jar:/Users/mariano/.m2/repository/org/imgscalr/imgscalr-lib/4.2/imgscalr-lib-4.2.jar:/Users/mariano/.m2/repository/org/awaitility/awaitility/4.2.0/awaitility-4.2.0.jar:/Users/mariano/.m2/repository/org/freemarker/freemarker/2.3.31/freemarker-2.3.31.jar:/Users/mariano/.m2/repository/io/github/classgraph/classgraph/4.8.138/classgraph-4.8.138.jar:/Users/mariano/.m2/repository/net/sourceforge/jexcelapi/jxl/2.6.12/jxl-2.6.12.jar:/Users/mariano/.m2/repository/net/bytebuddy/byte-buddy-agent/1.14.2/byte-buddy-agent-1.14.2.jar:/Users/mariano/.m2/repository/org/objenesis/objenesis/3.3/objenesis-3.3.jar:/Users/mariano/.m2/repository/com/vladsch/flexmark/flexmark-all/0.62.2/flexmark-all-0.62.2.jar:/Users/mariano/.m2/repository/com/vladsch/flexmark/flexmark/0.62.2/flexmark-0.62.2.jar:/Users/mariano/.m2/repository/com/vladsch/flexmark/flexmark-ext-abbreviation/0.62.2/flexmark-ext-abbreviation-0.62.2.jar:/Users/mariano/.m2/repository/com/vladsch/flexmark/flexmark-util/0.62.2/flexmark-util-0.62.2.jar:/Users/mariano/.m2/repository/com/vladsch/flexmark/flexmark-ext-admonition/0.62.2/flexmark-ext-admonition-0.62.2.jar:/Users/mariano/.m2/repository/com/vladsch/flexmark/flexmark-ext-anchorlink/0.62.2/flexmark-ext-anchorlink-0.62.2.jar:/Users/mariano/.m2/repository/com/vladsch/flexmark/flexmark-ext-aside/0.62.2/flexmark-ext-aside-0.62.2.jar:/Users/mariano/.m2/repository/com/vladsch/flexmark/flexmark-ext-attributes/0.62.2/flexmark-ext-attributes-0.62.2.jar:/Users/mariano/.m2/repository/com/vladsch/flexmark/flexmark-ext-autolink/0.62.2/flexmark-ext-autolink-0.62.2.jar:/Users/mariano/.m2/repository/org/nibor/autolink/autolink/0.6.0/autolink-0.6.0.jar:/Users/mariano/.m2/repository/com/vladsch/flexmark/flexmark-ext-definition/0.62.2/flexmark-ext-definition-0.62.2.jar:/Users/mariano/.m2/repository/com/vladsch/flexmark/flexmark-ext-emoji/0.62.2/flexmark-ext-emoji-0.62.2.jar:/Users/mariano/.m2/repository/com/vladsch/flexmark/flexmark-ext-enumerated-reference/0.62.2/flexmark-ext-enumerated-reference-0.62.2.jar:/Users/mariano/.m2/repository/com/vladsch/flexmark/flexmark-ext-escaped-character/0.62.2/flexmark-ext-escaped-character-0.62.2.jar:/Users/mariano/.m2/repository/com/vladsch/flexmark/flexmark-ext-footnotes/0.62.2/flexmark-ext-footnotes-0.62.2.jar:/Users/mariano/.m2/repository/com/vladsch/flexmark/flexmark-ext-gfm-issues/0.62.2/flexmark-ext-gfm-issues-0.62.2.jar:/Users/mariano/.m2/repository/com/vladsch/flexmark/flexmark-ext-gfm-strikethrough/0.62.2/flexmark-ext-gfm-strikethrough-0.62.2.jar:/Users/mariano/.m2/repository/com/vladsch/flexmark/flexmark-ext-gfm-tasklist/0.62.2/flexmark-ext-gfm-tasklist-0.62.2.jar:/Users/mariano/.m2/repository/com/vladsch/flexmark/flexmark-ext-gfm-users/0.62.2/flexmark-ext-gfm-users-0.62.2.jar:/Users/mariano/.m2/repository/com/vladsch/flexmark/flexmark-ext-gitlab/0.62.2/flexmark-ext-gitlab-0.62.2.jar:/Users/mariano/.m2/repository/com/vladsch/flexmark/flexmark-ext-jekyll-front-matter/0.62.2/flexmark-ext-jekyll-front-matter-0.62.2.jar:/Users/mariano/.m2/repository/com/vladsch/flexmark/flexmark-ext-jekyll-tag/0.62.2/flexmark-ext-jekyll-tag-0.62.2.jar:/Users/mariano/.m2/repository/com/vladsch/flexmark/flexmark-ext-media-tags/0.62.2/flexmark-ext-media-tags-0.62.2.jar:/Users/mariano/.m2/repository/com/vladsch/flexmark/flexmark-ext-macros/0.62.2/flexmark-ext-macros-0.62.2.jar:/Users/mariano/.m2/repository/com/vladsch/flexmark/flexmark-ext-ins/0.62.2/flexmark-ext-ins-0.62.2.jar:/Users/mariano/.m2/repository/com/vladsch/flexmark/flexmark-ext-xwiki-macros/0.62.2/flexmark-ext-xwiki-macros-0.62.2.jar:/Users/mariano/.m2/repository/com/vladsch/flexmark/flexmark-ext-superscript/0.62.2/flexmark-ext-superscript-0.62.2.jar:/Users/mariano/.m2/repository/com/vladsch/flexmark/flexmark-ext-tables/0.62.2/flexmark-ext-tables-0.62.2.jar:/Users/mariano/.m2/repository/com/vladsch/flexmark/flexmark-ext-toc/0.62.2/flexmark-ext-toc-0.62.2.jar:/Users/mariano/.m2/repository/com/vladsch/flexmark/flexmark-ext-typographic/0.62.2/flexmark-ext-typographic-0.62.2.jar:/Users/mariano/.m2/repository/com/vladsch/flexmark/flexmark-ext-wikilink/0.62.2/flexmark-ext-wikilink-0.62.2.jar:/Users/mariano/.m2/repository/com/vladsch/flexmark/flexmark-ext-yaml-front-matter/0.62.2/flexmark-ext-yaml-front-matter-0.62.2.jar:/Users/mariano/.m2/repository/com/vladsch/flexmark/flexmark-ext-youtube-embedded/0.62.2/flexmark-ext-youtube-embedded-0.62.2.jar:/Users/mariano/.m2/repository/com/vladsch/flexmark/flexmark-html2md-converter/0.62.2/flexmark-html2md-converter-0.62.2.jar:/Users/mariano/.m2/repository/com/vladsch/flexmark/flexmark-jira-converter/0.62.2/flexmark-jira-converter-0.62.2.jar:/Users/mariano/.m2/repository/com/vladsch/flexmark/flexmark-pdf-converter/0.62.2/flexmark-pdf-converter-0.62.2.jar:/Users/mariano/.m2/repository/com/openhtmltopdf/openhtmltopdf-core/1.0.0/openhtmltopdf-core-1.0.0.jar:/Users/mariano/.m2/repository/com/openhtmltopdf/openhtmltopdf-pdfbox/1.0.0/openhtmltopdf-pdfbox-1.0.0.jar:/Users/mariano/.m2/repository/org/apache/pdfbox/pdfbox/2.0.16/pdfbox-2.0.16.jar:/Users/mariano/.m2/repository/org/apache/pdfbox/fontbox/2.0.16/fontbox-2.0.16.jar:/Users/mariano/.m2/repository/org/apache/pdfbox/xmpbox/2.0.16/xmpbox-2.0.16.jar:/Users/mariano/.m2/repository/de/rototor/pdfbox/graphics2d/0.24/graphics2d-0.24.jar:/Users/mariano/.m2/repository/com/openhtmltopdf/openhtmltopdf-rtl-support/1.0.0/openhtmltopdf-rtl-support-1.0.0.jar:/Users/mariano/.m2/repository/com/openhtmltopdf/openhtmltopdf-jsoup-dom-converter/1.0.0/openhtmltopdf-jsoup-dom-converter-1.0.0.jar:/Users/mariano/.m2/repository/com/vladsch/flexmark/flexmark-profile-pegdown/0.62.2/flexmark-profile-pegdown-0.62.2.jar:/Users/mariano/.m2/repository/com/vladsch/flexmark/flexmark-util-ast/0.62.2/flexmark-util-ast-0.62.2.jar:/Users/mariano/.m2/repository/com/vladsch/flexmark/flexmark-util-builder/0.62.2/flexmark-util-builder-0.62.2.jar:/Users/mariano/.m2/repository/com/vladsch/flexmark/flexmark-util-collection/0.62.2/flexmark-util-collection-0.62.2.jar:/Users/mariano/.m2/repository/com/vladsch/flexmark/flexmark-util-data/0.62.2/flexmark-util-data-0.62.2.jar:/Users/mariano/.m2/repository/com/vladsch/flexmark/flexmark-util-dependency/0.62.2/flexmark-util-dependency-0.62.2.jar:/Users/mariano/.m2/repository/com/vladsch/flexmark/flexmark-util-format/0.62.2/flexmark-util-format-0.62.2.jar:/Users/mariano/.m2/repository/com/vladsch/flexmark/flexmark-util-html/0.62.2/flexmark-util-html-0.62.2.jar:/Users/mariano/.m2/repository/com/vladsch/flexmark/flexmark-util-misc/0.62.2/flexmark-util-misc-0.62.2.jar:/Users/mariano/.m2/repository/com/vladsch/flexmark/flexmark-util-options/0.62.2/flexmark-util-options-0.62.2.jar:/Users/mariano/.m2/repository/com/vladsch/flexmark/flexmark-util-sequence/0.62.2/flexmark-util-sequence-0.62.2.jar:/Users/mariano/.m2/repository/com/vladsch/flexmark/flexmark-util-visitor/0.62.2/flexmark-util-visitor-0.62.2.jar:/Users/mariano/.m2/repository/com/vladsch/flexmark/flexmark-youtrack-converter/0.62.2/flexmark-youtrack-converter-0.62.2.jar:/Users/mariano/.m2/repository/net/serenity-bdd/serenity-reports/3.7.1/serenity-reports-3.7.1.jar:/Users/mariano/.m2/repository/net/serenity-bdd/serenity-stats/3.7.1/serenity-stats-3.7.1.jar:/Users/mariano/.m2/repository/net/serenity-bdd/serenity-reports-configuration/3.7.1/serenity-reports-configuration-3.7.1.jar:/Users/mariano/.m2/repository/com/ibm/icu/icu4j/72.1/icu4j-72.1.jar:/Users/mariano/.m2/repository/es/nitaur/markdown/txtmark/0.16/txtmark-0.16.jar:/Users/mariano/.m2/repository/net/serenity-bdd/serenity-report-resources/3.7.1/serenity-report-resources-3.7.1.jar:/Users/mariano/.m2/repository/com/google/code/gson/gson/2.10.1/gson-2.10.1.jar:/Users/mariano/.m2/repository/com/fasterxml/jackson/core/jackson-core/2.15.0-rc1/jackson-core-2.15.0-rc1.jar:/Users/mariano/.m2/repository/com/fasterxml/jackson/core/jackson-databind/2.15.0-rc1/jackson-databind-2.15.0-rc1.jar:/Users/mariano/.m2/repository/com/fasterxml/jackson/core/jackson-annotations/2.15.0-rc1/jackson-annotations-2.15.0-rc1.jar:/Users/mariano/.m2/repository/commons-codec/commons-codec/1.15/commons-codec-1.15.jar:/Users/mariano/.m2/repository/commons-io/commons-io/2.11.0/commons-io-2.11.0.jar:/Users/mariano/.m2/repository/org/apache/httpcomponents/httpclient/4.5.13/httpclient-4.5.13.jar:/Users/mariano/.m2/repository/org/apache/httpcomponents/httpcore/4.4.13/httpcore-4.4.13.jar:/Users/mariano/.m2/repository/commons-logging/commons-logging/1.2/commons-logging-1.2.jar:/Users/mariano/.m2/repository/org/seleniumhq/selenium/selenium-java/4.9.0/selenium-java-4.9.0.jar:/Users/mariano/.m2/repository/org/seleniumhq/selenium/selenium-devtools-v110/4.9.0/selenium-devtools-v110-4.9.0.jar:/Users/mariano/.m2/repository/org/seleniumhq/selenium/selenium-devtools-v111/4.9.0/selenium-devtools-v111-4.9.0.jar:/Users/mariano/.m2/repository/org/seleniumhq/selenium/selenium-devtools-v112/4.9.0/selenium-devtools-v112-4.9.0.jar:/Users/mariano/.m2/repository/org/seleniumhq/selenium/selenium-devtools-v85/4.9.0/selenium-devtools-v85-4.9.0.jar:/Users/mariano/.m2/repository/org/seleniumhq/selenium/selenium-remote-driver/4.9.0/selenium-remote-driver-4.9.0.jar:/Users/mariano/.m2/repository/com/beust/jcommander/1.82/jcommander-1.82.jar:/Users/mariano/.m2/repository/io/netty/netty-buffer/4.1.91.Final/netty-buffer-4.1.91.Final.jar:/Users/mariano/.m2/repository/io/netty/netty-codec-http/4.1.91.Final/netty-codec-http-4.1.91.Final.jar:/Users/mariano/.m2/repository/io/netty/netty-codec/4.1.91.Final/netty-codec-4.1.91.Final.jar:/Users/mariano/.m2/repository/io/netty/netty-handler/4.1.91.Final/netty-handler-4.1.91.Final.jar:/Users/mariano/.m2/repository/io/netty/netty-common/4.1.91.Final/netty-common-4.1.91.Final.jar:/Users/mariano/.m2/repository/io/netty/netty-transport-classes-epoll/4.1.91.Final/netty-transport-classes-epoll-4.1.91.Final.jar:/Users/mariano/.m2/repository/io/netty/netty-transport-classes-kqueue/4.1.91.Final/netty-transport-classes-kqueue-4.1.91.Final.jar:/Users/mariano/.m2/repository/io/netty/netty-transport-native-epoll/4.1.91.Final/netty-transport-native-epoll-4.1.91.Final.jar:/Users/mariano/.m2/repository/io/netty/netty-transport-native-kqueue/4.1.91.Final/netty-transport-native-kqueue-4.1.91.Final.jar:/Users/mariano/.m2/repository/io/netty/netty-transport-native-unix-common/4.1.91.Final/netty-transport-native-unix-common-4.1.91.Final.jar:/Users/mariano/.m2/repository/io/netty/netty-transport/4.1.91.Final/netty-transport-4.1.91.Final.jar:/Users/mariano/.m2/repository/io/netty/netty-resolver/4.1.91.Final/netty-resolver-4.1.91.Final.jar:/Users/mariano/.m2/repository/io/opentelemetry/opentelemetry-api/1.25.0/opentelemetry-api-1.25.0.jar:/Users/mariano/.m2/repository/io/opentelemetry/opentelemetry-context/1.25.0/opentelemetry-context-1.25.0.jar:/Users/mariano/.m2/repository/io/opentelemetry/opentelemetry-exporter-logging/1.25.0/opentelemetry-exporter-logging-1.25.0.jar:/Users/mariano/.m2/repository/io/opentelemetry/opentelemetry-sdk-metrics/1.25.0/opentelemetry-sdk-metrics-1.25.0.jar:/Users/mariano/.m2/repository/io/opentelemetry/opentelemetry-sdk-logs/1.25.0-alpha/opentelemetry-sdk-logs-1.25.0-alpha.jar:/Users/mariano/.m2/repository/io/opentelemetry/opentelemetry-api-logs/1.25.0-alpha/opentelemetry-api-logs-1.25.0-alpha.jar:/Users/mariano/.m2/repository/io/opentelemetry/opentelemetry-api-events/1.25.0-alpha/opentelemetry-api-events-1.25.0-alpha.jar:/Users/mariano/.m2/repository/io/opentelemetry/opentelemetry-sdk-common/1.25.0/opentelemetry-sdk-common-1.25.0.jar:/Users/mariano/.m2/repository/io/opentelemetry/opentelemetry-sdk-extension-autoconfigure-spi/1.25.0/opentelemetry-sdk-extension-autoconfigure-spi-1.25.0.jar:/Users/mariano/.m2/repository/io/opentelemetry/opentelemetry-sdk-extension-autoconfigure/1.25.0-alpha/opentelemetry-sdk-extension-autoconfigure-1.25.0-alpha.jar:/Users/mariano/.m2/repository/io/opentelemetry/opentelemetry-sdk-trace/1.25.0/opentelemetry-sdk-trace-1.25.0.jar:/Users/mariano/.m2/repository/io/opentelemetry/opentelemetry-sdk/1.25.0/opentelemetry-sdk-1.25.0.jar:/Users/mariano/.m2/repository/io/opentelemetry/opentelemetry-semconv/1.25.0-alpha/opentelemetry-semconv-1.25.0-alpha.jar:/Users/mariano/.m2/repository/io/ous/jtoml/2.0.0/jtoml-2.0.0.jar:/Users/mariano/.m2/repository/org/apache/commons/commons-exec/1.3/commons-exec-1.3.jar:/Users/mariano/.m2/repository/org/asynchttpclient/async-http-client/2.12.3/async-http-client-2.12.3.jar:/Users/mariano/.m2/repository/org/asynchttpclient/async-http-client-netty-utils/2.12.3/async-http-client-netty-utils-2.12.3.jar:/Users/mariano/.m2/repository/io/netty/netty-codec-socks/4.1.60.Final/netty-codec-socks-4.1.60.Final.jar:/Users/mariano/.m2/repository/io/netty/netty-handler-proxy/4.1.60.Final/netty-handler-proxy-4.1.60.Final.jar:/Users/mariano/.m2/repository/io/netty/netty-transport-native-epoll/4.1.60.Final/netty-transport-native-epoll-4.1.60.Final-linux-x86_64.jar:/Users/mariano/.m2/repository/io/netty/netty-transport-native-kqueue/4.1.60.Final/netty-transport-native-kqueue-4.1.60.Final-osx-x86_64.jar:/Users/mariano/.m2/repository/org/reactivestreams/reactive-streams/1.0.3/reactive-streams-1.0.3.jar:/Users/mariano/.m2/repository/com/typesafe/netty/netty-reactive-streams/2.0.4/netty-reactive-streams-2.0.4.jar:/Users/mariano/.m2/repository/org/seleniumhq/selenium/selenium-safari-driver/4.9.0/selenium-safari-driver-4.9.0.jar:/Users/mariano/.m2/repository/org/seleniumhq/selenium/selenium-api/4.9.0/selenium-api-4.9.0.jar:/Users/mariano/.m2/repository/org/seleniumhq/selenium/selenium-support/4.9.0/selenium-support-4.9.0.jar:/Users/mariano/.m2/repository/com/google/auto/service/auto-service-annotations/1.0.1/auto-service-annotations-1.0.1.jar:/Users/mariano/.m2/repository/com/google/auto/service/auto-service/1.0.1/auto-service-1.0.1.jar:/Users/mariano/.m2/repository/com/google/auto/auto-common/1.2/auto-common-1.2.jar:/Users/mariano/.m2/repository/org/seleniumhq/selenium/selenium-json/4.9.0/selenium-json-4.9.0.jar:/Users/mariano/.m2/repository/org/seleniumhq/selenium/selenium-chrome-driver/4.9.0/selenium-chrome-driver-4.9.0.jar:/Users/mariano/.m2/repository/org/seleniumhq/selenium/selenium-chromium-driver/4.9.0/selenium-chromium-driver-4.9.0.jar:/Users/mariano/.m2/repository/org/seleniumhq/selenium/selenium-manager/4.9.0/selenium-manager-4.9.0.jar:/Users/mariano/.m2/repository/org/seleniumhq/selenium/selenium-firefox-driver/4.9.0/selenium-firefox-driver-4.9.0.jar:/Users/mariano/.m2/repository/org/seleniumhq/selenium/selenium-http/4.9.0/selenium-http-4.9.0.jar:/Users/mariano/.m2/repository/dev/failsafe/failsafe/3.3.1/failsafe-3.3.1.jar:/Users/mariano/.m2/repository/org/seleniumhq/selenium/selenium-edge-driver/4.9.0/selenium-edge-driver-4.9.0.jar:/Users/mariano/.m2/repository/org/seleniumhq/selenium/selenium-ie-driver/4.9.0/selenium-ie-driver-4.9.0.jar:/Users/mariano/.m2/repository/org/projectlombok/lombok/1.18.20/lombok-1.18.20.jar:/Users/mariano/.m2/repository/org/htmlunit/htmlunit/3.0.0/htmlunit-3.0.0.jar:/Users/mariano/.m2/repository/org/apache/httpcomponents/httpmime/4.5.14/httpmime-4.5.14.jar:/Users/mariano/.m2/repository/org/htmlunit/htmlunit-core-js/3.0.0/htmlunit-core-js-3.0.0.jar:/Users/mariano/.m2/repository/org/htmlunit/neko-htmlunit/3.0.0/neko-htmlunit-3.0.0.jar:/Users/mariano/.m2/repository/org/htmlunit/htmlunit-cssparser/3.0.0/htmlunit-cssparser-3.0.0.jar:/Users/mariano/.m2/repository/org/htmlunit/htmlunit-xpath/3.0.0/htmlunit-xpath-3.0.0.jar:/Users/mariano/.m2/repository/org/brotli/dec/0.1.2/dec-0.1.2.jar:/Users/mariano/.m2/repository/com/shapesecurity/salvation2/3.0.1/salvation2-3.0.1.jar:/Users/mariano/.m2/repository/org/eclipse/jetty/websocket/websocket-client/9.4.51.v20230217/websocket-client-9.4.51.v20230217.jar:/Users/mariano/.m2/repository/org/eclipse/jetty/jetty-client/9.4.51.v20230217/jetty-client-9.4.51.v20230217.jar:/Users/mariano/.m2/repository/org/eclipse/jetty/jetty-http/9.4.51.v20230217/jetty-http-9.4.51.v20230217.jar:/Users/mariano/.m2/repository/org/eclipse/jetty/jetty-util/9.4.51.v20230217/jetty-util-9.4.51.v20230217.jar:/Users/mariano/.m2/repository/org/eclipse/jetty/jetty-io/9.4.51.v20230217/jetty-io-9.4.51.v20230217.jar:/Users/mariano/.m2/repository/org/eclipse/jetty/websocket/websocket-common/9.4.51.v20230217/websocket-common-9.4.51.v20230217.jar:/Users/mariano/.m2/repository/org/eclipse/jetty/websocket/websocket-api/9.4.51.v20230217/websocket-api-9.4.51.v20230217.jar:/Users/mariano/.m2/repository/org/seleniumhq/selenium/htmlunit3-driver/4.8.1/htmlunit3-driver-4.8.1.jar:/Users/mariano/.m2/repository/io/appium/java-client/8.3.0/java-client-8.3.0.jar:/Users/mariano/.m2/repository/commons-validator/commons-validator/1.7/commons-validator-1.7.jar:/Users/mariano/.m2/repository/commons-digester/commons-digester/2.1/commons-digester-2.1.jar:/Users/mariano/.m2/repository/org/apache/groovy/groovy/4.0.10/groovy-4.0.10.jar:/Users/mariano/.m2/repository/net/sf/opencsv/opencsv/2.0/opencsv-2.0.jar:/Users/mariano/.m2/repository/commons-beanutils/commons-beanutils/1.9.4/commons-beanutils-1.9.4.jar:/Users/mariano/.m2/repository/org/apache/commons/commons-lang3/3.12.0/commons-lang3-3.12.0.jar:/Users/mariano/.m2/repository/commons-collections/commons-collections/3.2.2/commons-collections-3.2.2.jar:/Users/mariano/.m2/repository/org/fluentlenium/fluentlenium-core/0.10.2/fluentlenium-core-0.10.2.jar:/Users/mariano/.m2/repository/io/github/bonigarcia/webdrivermanager/5.3.2/webdrivermanager-5.3.2.jar:/Users/mariano/.m2/repository/com/github/docker-java/docker-java/3.2.14/docker-java-3.2.14.jar:/Users/mariano/.m2/repository/com/github/docker-java/docker-java-core/3.2.14/docker-java-core-3.2.14.jar:/Users/mariano/.m2/repository/com/github/docker-java/docker-java-api/3.2.14/docker-java-api-3.2.14.jar:/Users/mariano/.m2/repository/org/apache/commons/commons-compress/1.21/commons-compress-1.21.jar:/Users/mariano/.m2/repository/org/bouncycastle/bcpkix-jdk15on/1.64/bcpkix-jdk15on-1.64.jar:/Users/mariano/.m2/repository/org/bouncycastle/bcprov-jdk15on/1.64/bcprov-jdk15on-1.64.jar:/Users/mariano/.m2/repository/org/slf4j/jcl-over-slf4j/1.7.30/jcl-over-slf4j-1.7.30.jar:/Users/mariano/.m2/repository/com/github/docker-java/docker-java-transport-httpclient5/3.2.14/docker-java-transport-httpclient5-3.2.14.jar:/Users/mariano/.m2/repository/com/github/docker-java/docker-java-transport/3.2.14/docker-java-transport-3.2.14.jar:/Users/mariano/.m2/repository/net/java/dev/jna/jna/5.12.1/jna-5.12.1.jar:/Users/mariano/.m2/repository/org/apache/httpcomponents/client5/httpclient5/5.2.1/httpclient5-5.2.1.jar:/Users/mariano/.m2/repository/org/apache/httpcomponents/core5/httpcore5/5.2/httpcore5-5.2.jar:/Users/mariano/.m2/repository/org/apache/httpcomponents/core5/httpcore5-h2/5.2/httpcore5-h2-5.2.jar:/Users/mariano/.m2/repository/com/jhlabs/filters/2.0.235/filters-2.0.235.jar:/Users/mariano/.m2/repository/com/paulhammant/ngwebdriver/1.1.6/ngwebdriver-1.1.6.jar:/Users/mariano/.m2/repository/joda-time/joda-time/2.12.2/joda-time-2.12.2.jar:/Users/mariano/.m2/repository/org/hamcrest/hamcrest/2.2/hamcrest-2.2.jar:/Users/mariano/.m2/repository/com/google/jimfs/jimfs/1.2/jimfs-1.2.jar:/Users/mariano/.m2/repository/org/mockito/mockito-core/3.3.3/mockito-core-3.3.3.jar:/Users/mariano/.m2/repository/javax/xml/bind/jaxb-api/2.3.1/jaxb-api-2.3.1.jar:/Users/mariano/.m2/repository/javax/activation/javax.activation-api/1.2.0/javax.activation-api-1.2.0.jar:/Users/mariano/.m2/repository/com/sun/xml/bind/jaxb-core/2.3.0.1/jaxb-core-2.3.0.1.jar:/Users/mariano/.m2/repository/com/sun/xml/bind/jaxb-impl/2.3.3/jaxb-impl-2.3.3.jar:/Users/mariano/.m2/repository/jakarta/xml/bind/jakarta.xml.bind-api/2.3.3/jakarta.xml.bind-api-2.3.3.jar:/Users/mariano/.m2/repository/com/sun/activation/jakarta.activation/1.2.2/jakarta.activation-1.2.2.jar:/Users/mariano/.m2/repository/javax/activation/activation/1.1.1/activation-1.1.1.jar:/Users/mariano/.m2/repository/net/serenity-bdd/serenity-cucumber/3.7.1/serenity-cucumber-3.7.1.jar:/Users/mariano/.m2/repository/io/cucumber/cucumber-core/7.11.0/cucumber-core-7.11.0.jar:/Users/mariano/.m2/repository/io/cucumber/cucumber-gherkin/7.11.0/cucumber-gherkin-7.11.0.jar:/Users/mariano/.m2/repository/io/cucumber/cucumber-gherkin-messages/7.11.0/cucumber-gherkin-messages-7.11.0.jar:/Users/mariano/.m2/repository/io/cucumber/gherkin/26.0.3/gherkin-26.0.3.jar:/Users/mariano/.m2/repository/io/cucumber/messages/21.0.1/messages-21.0.1.jar:/Users/mariano/.m2/repository/io/cucumber/tag-expressions/5.0.1/tag-expressions-5.0.1.jar:/Users/mariano/.m2/repository/io/cucumber/cucumber-expressions/16.1.1/cucumber-expressions-16.1.1.jar:/Users/mariano/.m2/repository/io/cucumber/datatable/7.11.0/datatable-7.11.0.jar:/Users/mariano/.m2/repository/io/cucumber/cucumber-plugin/7.11.0/cucumber-plugin-7.11.0.jar:/Users/mariano/.m2/repository/io/cucumber/docstring/7.11.0/docstring-7.11.0.jar:/Users/mariano/.m2/repository/io/cucumber/html-formatter/20.2.1/html-formatter-20.2.1.jar:/Users/mariano/.m2/repository/io/cucumber/junit-xml-formatter/0.1.0/junit-xml-formatter-0.1.0.jar:/Users/mariano/.m2/repository/io/cucumber/ci-environment/9.1.0/ci-environment-9.1.0.jar:/Users/mariano/.m2/repository/io/cucumber/cucumber-java/7.11.0/cucumber-java-7.11.0.jar:/Users/mariano/.m2/repository/io/cucumber/cucumber-junit/7.11.0/cucumber-junit-7.11.0.jar:/Users/mariano/.m2/repository/org/apache/commons/commons-csv/1.5/commons-csv-1.5.jar:/Users/mariano/.m2/repository/net/serenity-bdd/serenity-screenplay/3.7.1/serenity-screenplay-3.7.1.jar:/Users/mariano/.m2/repository/net/serenity-bdd/serenity-screenplay-webdriver/3.7.1/serenity-screenplay-webdriver-3.7.1.jar:/Users/mariano/.m2/repository/net/serenity-bdd/serenity-ensure/3.7.1/serenity-ensure-3.7.1.jar:/Users/mariano/.m2/repository/net/serenity-bdd/serenity-junit/3.7.1/serenity-junit-3.7.1.jar:/Users/mariano/.m2/repository/org/jetbrains/kotlin/kotlin-stdlib/1.8.10/kotlin-stdlib-1.8.10.jar:/Users/mariano/.m2/repository/org/jetbrains/kotlin/kotlin-stdlib-common/1.8.10/kotlin-stdlib-common-1.8.10.jar:/Users/mariano/.m2/repository/org/jetbrains/annotations/13.0/annotations-13.0.jar:/Users/mariano/.m2/repository/org/junit/platform/junit-platform-launcher/1.8.2/junit-platform-launcher-1.8.2.jar:/Users/mariano/.m2/repository/org/junit/platform/junit-platform-engine/1.8.2/junit-platform-engine-1.8.2.jar:/Users/mariano/.m2/repository/org/opentest4j/opentest4j/1.2.0/opentest4j-1.2.0.jar:/Users/mariano/.m2/repository/org/junit/platform/junit-platform-commons/1.8.2/junit-platform-commons-1.8.2.jar:/Users/mariano/.m2/repository/org/apiguardian/apiguardian-api/1.1.2/apiguardian-api-1.1.2.jar:/Users/mariano/.m2/repository/org/junit/jupiter/junit-jupiter-engine/5.8.2/junit-jupiter-engine-5.8.2.jar:/Users/mariano/.m2/repository/org/junit/jupiter/junit-jupiter-api/5.8.2/junit-jupiter-api-5.8.2.jar:/Users/mariano/.m2/repository/org/junit/vintage/junit-vintage-engine/5.8.2/junit-vintage-engine-5.8.2.jar:/Users/mariano/.m2/repository/junit/junit/4.13.2/junit-4.13.2.jar:/Users/mariano/.m2/repository/org/hamcrest/hamcrest-core/1.3/hamcrest-core-1.3.jar:/Users/mariano/.m2/repository/ch/qos/logback/logback-classic/1.2.10/logback-classic-1.2.10.jar:/Users/mariano/.m2/repository/ch/qos/logback/logback-core/1.2.10/logback-core-1.2.10.jar:/Users/mariano/.m2/repository/org/slf4j/slf4j-api/1.7.32/slf4j-api-1.7.32.jar:/Users/mariano/.m2/repository/org/assertj/assertj-core/3.23.1/assertj-core-3.23.1.jar:/Users/mariano/.m2/repository/net/bytebuddy/byte-buddy/1.12.10/byte-buddy-1.12.10.jar:/Users/mariano/.m2/repository/org/apache/maven/surefire/surefire-junit-platform/3.0.0-M5/surefire-junit-platform-3.0.0-M5.jar:/Users/mariano/.m2/repository/org/apache/maven/surefire/common-java5/3.0.0-M5/common-java5-3.0.0-M5.jar"/>
    <property name="sun.management.compiler" value="HotSpot 64-Bit Tiered Compilers"/>
    <property name="ftp.nonProxyHosts" value="local|*.local|169.254/16|*.169.254/16"/>
    <property name="java.runtime.version" value="17.0.2+0"/>
    <property name="user.name" value="mariano"/>
    <property name="path.separator" value=":"/>
    <property name="os.version" value="13.1"/>
    <property name="java.runtime.name" value="OpenJDK Runtime Environment"/>
    <property name="file.encoding" value="US-ASCII"/>
    <property name="webdriver.base.url" value=""/>
    <property name="java.vm.name" value="OpenJDK 64-Bit Server VM"/>
    <property name="java.vendor.version" value="Homebrew"/>
    <property name="localRepository" value="/Users/mariano/.m2/repository"/>
    <property name="java.vendor.url.bug" value="https://github.com/Homebrew/homebrew-core/issues"/>
    <property name="java.io.tmpdir" value="/var/folders/9r/wn1xbd6x6gsdbrf5pdxfs4_80000gn/T/"/>
    <property name="java.version" value="17.0.2"/>
    <property name="user.dir" value="/Users/mariano/Documents/Automation/CS/FE/appiumpoc/serenitybdd-appium-poc-main"/>
    <property name="os.arch" value="aarch64"/>
    <property name="java.vm.specification.name" value="Java Virtual Machine Specification"/>
    <property name="native.encoding" value="US-ASCII"/>
    <property name="java.library.path" value="/Users/mariano/Library/Java/Extensions:/Library/Java/Extensions:/Network/Library/Java/Extensions:/System/Library/Java/Extensions:/usr/lib/java:."/>
    <property name="java.vm.info" value="mixed mode"/>
    <property name="java.vendor" value="Homebrew"/>
    <property name="java.vm.version" value="17.0.2+0"/>
    <property name="sun.io.unicode.encoding" value="UnicodeBig"/>
    <property name="socksNonProxyHosts" value="local|*.local|169.254/16|*.169.254/16"/>
    <property name="java.class.version" value="61.0"/>
  </properties>
  <testcase name="Try to log in with not valid credentials" classname="Log in" time="14.153">
    <error type="net.thucydides.core.webdriver.DriverConfigurationError"><![CDATA[net.thucydides.core.webdriver.DriverConfigurationError: Could not instantiate class io.appium.java_client.AppiumDriver
Caused by: net.thucydides.core.webdriver.DriverConfigurationError: 
WebDriver was unable to create a new instance of type class io.appium.java_client.AppiumDriver
WebDriver reported the following message: Could not start a new session. Response code 500. Message: An unknown server-side error occurred while processing the command. Original error: Cannot start the 'com.conduitreactnative.qa' application. Visit https://github.com/appium/appium/blob/master/docs/en/writing-running-appium/android/activity-startup.md for troubleshooting. Original error: Error executing adbExec. Original error: 'Command '/Users/mariano/Library/Android/sdk/platform-tools/adb -P 5037 -s emulator-5554 shell am start -W -n com.conduitreactnative.qa/com.conduitreactnative.MainActivity -S -a android.intent.action.MAIN -c android.intent.category.LAUNCHER -f 0x10200000' exited with code 255'; Command output: 
Exception occurred while executing 'start':
java.lang.SecurityException: Permission Denial: starting Intent { act=android.intent.action.MAIN cat=[android.intent.category.LAUNCHER] flg=0x10200000 cmp=com.conduitreactnative.qa/com.conduitreactnative.MainActivity } from null (pid=12770, uid=2000) not exported from uid 10165
	at com.android.server.wm.ActivityTaskSupervisor.checkStartAnyActivityPermission(ActivityTaskSupervisor.java:1110)
	at com.android.server.wm.ActivityStarter.executeRequest(ActivityStarter.java:1024)
	at com.android.server.wm.ActivityStarter.execute(ActivityStarter.java:713)
	at com.android.server.wm.ActivityTaskManagerService.startActivityAndWait(ActivityTaskManagerService.java:1562)
	at com.android.server.am.ActivityManagerService.startActivityAndWait(ActivityManagerService.java:3148)
	at com.android.server.am.ActivityManagerShellCommand.runStartActivity(ActivityManagerShellCommand.java:598)
	at com.android.server.am.ActivityManagerShellCommand.onCommand(ActivityManagerShellCommand.java:208)
	at com.android.modules.utils.BasicShellCommandHandler.exec(BasicShellCommandHandler.java:97)
	at android.os.ShellCommand.exec(ShellCommand.java:38)
	at com.android.server.am.ActivityManagerService.onShellCommand(ActivityManagerService.java:9197)
	at android.os.Binder.shellCommand(Binder.java:1049)
	at android.os.Binder.onTransact(Binder.java:877)
	at android.app.IActivityManager$Stub.onTransact(IActivityManager.java:4731)
	at com.android.server.am.ActivityManagerService.onTransact(ActivityManagerService.java:2630)
	at android.os.Binder.execTransactInternal(Binder.java:1285)
	at android.os.Binder.execTransact(Binder.java:1244)
 
Host info: host: 'MacBook-Pro-de-Mariano.local', ip: '2800:40:3d:15a:1dcb:9399:fadb:a09c%en0'
Build info: version: '4.9.0', revision: 'd7057100a6'
System info: os.name: 'Mac OS X', os.arch: 'aarch64', os.version: '13.1', java.version: '17.0.2'
Driver info: io.appium.java_client.android.AndroidDriver
Command: [null, newSession {capabilities=[{appium:app=/Users/mariano/Documents/Automation/CS/FE/appiumpoc/serenitybdd-appium-poc-main/src/test/resources/app-qa-release.apk, appium:appActivity=com.conduitreactnative.MainActivity, appium:appPackage=com.conduitreactnative.qa, appium:automationName=UIAutomator2, appium:deviceName=emulator-5554, appium:fullReset=false, appium:hub=http://localhost:4723/wd/hub, appium:newCommandTimeout=2000, appium:noReset=false, platformName=ANDROID, appium:platformVersion=13.0}], desiredCapabilities=Capabilities {app: /Users/mariano/Documents/Au..., appActivity: com.conduitreactnative.Main..., appPackage: com.conduitreactnative.qa, automationName: UIAutomator2, deviceName: emulator-5554, fullReset: false, hub: http://localhost:4723/wd/hub, newCommandTimeout: 2000, noReset: false, platformName: ANDROID, platformVersion: 13.0}}]
Capabilities {app: /Users/mariano/Documents/Au..., appActivity: com.conduitreactnative.Main..., appPackage: com.conduitreactnative.qa, automationName: UIAutomator2, deviceName: emulator-5554, fullReset: false, hub: http://localhost:4723/wd/hub, newCommandTimeout: 2000, noReset: false, platformName: ANDROID, platformVersion: 13.0}
See below for more details.
Caused by: org.openqa.selenium.SessionNotCreatedException: 
Could not start a new session. Response code 500. Message: An unknown server-side error occurred while processing the command. Original error: Cannot start the 'com.conduitreactnative.qa' application. Visit https://github.com/appium/appium/blob/master/docs/en/writing-running-appium/android/activity-startup.md for troubleshooting. Original error: Error executing adbExec. Original error: 'Command '/Users/mariano/Library/Android/sdk/platform-tools/adb -P 5037 -s emulator-5554 shell am start -W -n com.conduitreactnative.qa/com.conduitreactnative.MainActivity -S -a android.intent.action.MAIN -c android.intent.category.LAUNCHER -f 0x10200000' exited with code 255'; Command output: 
Exception occurred while executing 'start':
java.lang.SecurityException: Permission Denial: starting Intent { act=android.intent.action.MAIN cat=[android.intent.category.LAUNCHER] flg=0x10200000 cmp=com.conduitreactnative.qa/com.conduitreactnative.MainActivity } from null (pid=12770, uid=2000) not exported from uid 10165
	at com.android.server.wm.ActivityTaskSupervisor.checkStartAnyActivityPermission(ActivityTaskSupervisor.java:1110)
	at com.android.server.wm.ActivityStarter.executeRequest(ActivityStarter.java:1024)
	at com.android.server.wm.ActivityStarter.execute(ActivityStarter.java:713)
	at com.android.server.wm.ActivityTaskManagerService.startActivityAndWait(ActivityTaskManagerService.java:1562)
	at com.android.server.am.ActivityManagerService.startActivityAndWait(ActivityManagerService.java:3148)
	at com.android.server.am.ActivityManagerShellCommand.runStartActivity(ActivityManagerShellCommand.java:598)
	at com.android.server.am.ActivityManagerShellCommand.onCommand(ActivityManagerShellCommand.java:208)
	at com.android.modules.utils.BasicShellCommandHandler.exec(BasicShellCommandHandler.java:97)
	at android.os.ShellCommand.exec(ShellCommand.java:38)
	at com.android.server.am.ActivityManagerService.onShellCommand(ActivityManagerService.java:9197)
	at android.os.Binder.shellCommand(Binder.java:1049)
	at android.os.Binder.onTransact(Binder.java:877)
	at android.app.IActivityManager$Stub.onTransact(IActivityManager.java:4731)
	at com.android.server.am.ActivityManagerService.onTransact(ActivityManagerService.java:2630)
	at android.os.Binder.execTransactInternal(Binder.java:1285)
	at android.os.Binder.execTransact(Binder.java:1244)
 
Host info: host: 'MacBook-Pro-de-Mariano.local', ip: '2800:40:3d:15a:1dcb:9399:fadb:a09c%en0'
Build info: version: '4.9.0', revision: 'd7057100a6'
System info: os.name: 'Mac OS X', os.arch: 'aarch64', os.version: '13.1', java.version: '17.0.2'
Driver info: io.appium.java_client.android.AndroidDriver
Command: [null, newSession {capabilities=[{appium:app=/Users/mariano/Documents/Automation/CS/FE/appiumpoc/serenitybdd-appium-poc-main/src/test/resources/app-qa-release.apk, appium:appActivity=com.conduitreactnative.MainActivity, appium:appPackage=com.conduitreactnative.qa, appium:automationName=UIAutomator2, appium:deviceName=emulator-5554, appium:fullReset=false, appium:hub=http://localhost:4723/wd/hub, appium:newCommandTimeout=2000, appium:noReset=false, platformName=ANDROID, appium:platformVersion=13.0}], desiredCapabilities=Capabilities {app: /Users/mariano/Documents/Au..., appActivity: com.conduitreactnative.Main..., appPackage: com.conduitreactnative.qa, automationName: UIAutomator2, deviceName: emulator-5554, fullReset: false, hub: http://localhost:4723/wd/hub, newCommandTimeout: 2000, noReset: false, platformName: ANDROID, platformVersion: 13.0}}]
Capabilities {app: /Users/mariano/Documents/Au..., appActivity: com.conduitreactnative.Main..., appPackage: com.conduitreactnative.qa, automationName: UIAutomator2, deviceName: emulator-5554, fullReset: false, hub: http://localhost:4723/wd/hub, newCommandTimeout: 2000, noReset: false, platformName: ANDROID, platformVersion: 13.0}
]]></error>
    <system-out><![CDATA[00:55:16.522 [main] DEBUG net.thucydides.core.guice.Injectors - Created injector for module net.thucydides.core.guice.ThucydidesModule
00:55:16.609 [main] DEBUG io.cucumber.core.plugin.SerenityReporter - Running feature from file:///Users/mariano/Documents/Automation/CS/FE/appiumpoc/serenitybdd-appium-poc-main/src/test/resources/features/login/log_in.feature
00:55:16.677 [main] DEBUG net.thucydides.core.guice.Injectors - Created injector for module net.thucydides.core.guice.webdriver.WebDriverModule
00:55:16.686 [main] INFO  - 

-------------------------------------------------------------------------------------
     _______. _______ .______       _______ .__   __.  __  .___________.____    ____ 
    /       ||   ____||   _  \     |   ____||  \ |  | |  | |           |\   \  /   / 
   |   (----`|  |__   |  |_)  |    |  |__   |   \|  | |  | `---|  |----` \   \/   /  
    \   \    |   __|  |      /     |   __|  |  . `  | |  |     |  |       \_    _/   
.----)   |   |  |____ |  |\  \----.|  |____ |  |\   | |  |     |  |         |  |     
|_______/    |_______|| _| `._____||_______||__| \__| |__|     |__|         |__|    
                                                                                     
 News and tutorials at http://www.serenity-bdd.info                                  
 Documentation at https://wakaleo.gitbooks.io/the-serenity-book/content/             
 Join the Serenity Community on Gitter: https://gitter.im/serenity-bdd/serenity-core 
 Serenity BDD Support and Training at http://serenity-bdd.info/#/trainingandsupport  
-------------------------------------------------------------------------------------

00:55:16.687 [main] DEBUG net.thucydides.core.steps.StepEventBus - Test suite started for story net.thucydides.core.model.Story@f71f83e0
00:55:16.688 [main] INFO  - Test Suite Started: Log in
00:55:16.695 [main] DEBUG io.cucumber.core.plugin.SerenityReporter - Running feature from file:///Users/mariano/Documents/Automation/CS/FE/appiumpoc/serenitybdd-appium-poc-main/src/test/resources/features/login/log_in.feature
00:55:16.696 [main] DEBUG net.thucydides.core.steps.StepEventBus - Test suite started for story net.thucydides.core.model.Story@f71f83e0
00:55:16.697 [main] INFO  - Test Suite Started: Log in
00:55:16.723 [main] DEBUG io.cucumber.core.plugin.SerenityReporter - Running feature from file:///Users/mariano/Documents/Automation/CS/FE/appiumpoc/serenitybdd-appium-poc-main/src/test/resources/features/login/log_in.feature
00:55:16.773 [main] INFO  - 
  _____   ___   ___   _____     ___   _____     _     ___   _____   ___   ___  
 |_   _| | __| / __| |_   _|   / __| |_   _|   /_\   | _ \ |_   _| | __| |   \ 
   | |   | _|  \__ \   | |     \__ \   | |    / _ \  |   /   | |   | _|  | |) |
   |_|   |___| |___/   |_|     |___/   |_|   /_/ \_\ |_|_\   |_|   |___| |___/ 

Try to log in with not valid credentials(log-in;try-to-log-in-with-not-valid-credentials)
--------------------------------------------------------------------------------
00:55:16.798 [main] DEBUG net.thucydides.core.requirements.FileSystemRequirementsTagProvider - Loading requirements from directory: /Users/mariano/Documents/Automation/CS/FE/appiumpoc/serenitybdd-appium-poc-main/src/test/resources/features/login (/Users/mariano/Documents/Automation/CS/FE/appiumpoc/serenitybdd-appium-poc-main/src/test/resources/features/login)
00:55:16.798 [main] DEBUG net.thucydides.core.requirements.FileSystemRequirementsTagProvider - Get requirements type for: /Users/mariano/Documents/Automation/CS/FE/appiumpoc/serenitybdd-appium-poc-main/src/test/resources/features/login (/Users/mariano/Documents/Automation/CS/FE/appiumpoc/serenitybdd-appium-poc-main/src/test/resources/features/login)
00:55:16.803 [main] DEBUG net.thucydides.core.requirements.model.cucumber.CucumberParser - Loading feature /Users/mariano/Documents/Automation/CS/FE/appiumpoc/serenitybdd-appium-poc-main/src/test/resources/features/login/log_in.feature
00:55:16.960 [main] DEBUG io.netty.util.internal.logging.InternalLoggerFactory - Using SLF4J as the default logging framework
00:55:16.961 [main] DEBUG io.netty.util.ResourceLeakDetector - -Dio.netty.leakDetection.level: simple
00:55:16.961 [main] DEBUG io.netty.util.ResourceLeakDetector - -Dio.netty.leakDetection.targetRecords: 4
00:55:16.963 [main] DEBUG io.netty.util.ResourceLeakDetectorFactory - Loaded default ResourceLeakDetector: io.netty.util.ResourceLeakDetector@5a0bef24
00:55:16.969 [main] DEBUG io.netty.util.internal.PlatformDependent0 - -Dio.netty.noUnsafe: false
00:55:16.969 [main] DEBUG io.netty.util.internal.PlatformDependent0 - Java version: 17
00:55:16.969 [main] DEBUG io.netty.util.internal.PlatformDependent0 - sun.misc.Unsafe.theUnsafe: available
00:55:16.969 [main] DEBUG io.netty.util.internal.PlatformDependent0 - sun.misc.Unsafe.copyMemory: available
00:55:16.970 [main] DEBUG io.netty.util.internal.PlatformDependent0 - sun.misc.Unsafe.storeFence: available
00:55:16.970 [main] DEBUG io.netty.util.internal.PlatformDependent0 - java.nio.Buffer.address: available
00:55:16.970 [main] DEBUG io.netty.util.internal.PlatformDependent0 - direct buffer constructor: unavailable: Reflective setAccessible(true) disabled
00:55:16.970 [main] DEBUG io.netty.util.internal.PlatformDependent0 - java.nio.Bits.unaligned: available, true
00:55:16.971 [main] DEBUG io.netty.util.internal.PlatformDependent0 - jdk.internal.misc.Unsafe.allocateUninitializedArray(int): unavailable: class io.netty.util.internal.PlatformDependent0$7 cannot access class jdk.internal.misc.Unsafe (in module java.base) because module java.base does not export jdk.internal.misc to unnamed module @78ffe6dc
00:55:16.971 [main] DEBUG io.netty.util.internal.PlatformDependent0 - java.nio.DirectByteBuffer.<init>(long, int): unavailable
00:55:16.971 [main] DEBUG io.netty.util.internal.PlatformDependent - sun.misc.Unsafe: available
00:55:16.972 [main] DEBUG io.netty.util.internal.PlatformDependent - maxDirectMemory: 4294967296 bytes (maybe)
00:55:16.972 [main] DEBUG io.netty.util.internal.PlatformDependent - -Dio.netty.tmpdir: /var/folders/9r/wn1xbd6x6gsdbrf5pdxfs4_80000gn/T (java.io.tmpdir)
00:55:16.972 [main] DEBUG io.netty.util.internal.PlatformDependent - -Dio.netty.bitMode: 64 (sun.arch.data.model)
00:55:16.973 [main] DEBUG io.netty.util.internal.PlatformDependent - Platform: MacOS
00:55:16.973 [main] DEBUG io.netty.util.internal.PlatformDependent - -Dio.netty.maxDirectMemory: -1 bytes
00:55:16.973 [main] DEBUG io.netty.util.internal.PlatformDependent - -Dio.netty.uninitializedArrayAllocationThreshold: -1
00:55:16.973 [main] DEBUG io.netty.util.internal.CleanerJava9 - java.nio.ByteBuffer.cleaner(): available
00:55:16.973 [main] DEBUG io.netty.util.internal.PlatformDependent - -Dio.netty.noPreferDirect: false
00:55:16.975 [main] DEBUG io.netty.util.internal.PlatformDependent - org.jctools-core.MpscChunkedArrayQueue: available
00:55:16.986 [main] DEBUG io.netty.util.internal.InternalThreadLocalMap - -Dio.netty.threadLocalMap.stringBuilder.initialSize: 1024
00:55:16.986 [main] DEBUG io.netty.util.internal.InternalThreadLocalMap - -Dio.netty.threadLocalMap.stringBuilder.maxSize: 4096
00:55:17.065 [main] DEBUG io.netty.handler.ssl.JdkSslContext - Default protocols (JDK): [TLSv1.3, TLSv1.2] 
00:55:17.065 [main] DEBUG io.netty.handler.ssl.JdkSslContext - Default cipher suites (JDK): [TLS_ECDHE_ECDSA_WITH_AES_256_GCM_SHA384, TLS_ECDHE_ECDSA_WITH_AES_128_GCM_SHA256, TLS_ECDHE_RSA_WITH_AES_128_GCM_SHA256, TLS_ECDHE_RSA_WITH_AES_256_GCM_SHA384, TLS_ECDHE_RSA_WITH_AES_128_CBC_SHA, TLS_ECDHE_RSA_WITH_AES_256_CBC_SHA, TLS_RSA_WITH_AES_128_GCM_SHA256, TLS_RSA_WITH_AES_128_CBC_SHA, TLS_RSA_WITH_AES_256_CBC_SHA, TLS_AES_128_GCM_SHA256, TLS_AES_256_GCM_SHA384]
00:55:17.070 [main] DEBUG io.netty.util.concurrent.GlobalEventExecutor - -Dio.netty.globalEventExecutor.quietPeriodSeconds: 1
00:55:17.075 [main] DEBUG io.netty.channel.MultithreadEventLoopGroup - -Dio.netty.eventLoopThreads: 16
00:55:17.078 [main] DEBUG io.netty.channel.nio.NioEventLoop - -Dio.netty.noKeySetOptimization: false
00:55:17.079 [main] DEBUG io.netty.channel.nio.NioEventLoop - -Dio.netty.selectorAutoRebuildThreshold: 512
00:55:17.090 [main] DEBUG io.netty.buffer.PooledByteBufAllocator - -Dio.netty.allocator.numHeapArenas: 16
00:55:17.090 [main] DEBUG io.netty.buffer.PooledByteBufAllocator - -Dio.netty.allocator.numDirectArenas: 16
00:55:17.090 [main] DEBUG io.netty.buffer.PooledByteBufAllocator - -Dio.netty.allocator.pageSize: 8192
00:55:17.090 [main] DEBUG io.netty.buffer.PooledByteBufAllocator - -Dio.netty.allocator.maxOrder: 9
00:55:17.090 [main] DEBUG io.netty.buffer.PooledByteBufAllocator - -Dio.netty.allocator.chunkSize: 4194304
00:55:17.090 [main] DEBUG io.netty.buffer.PooledByteBufAllocator - -Dio.netty.allocator.smallCacheSize: 256
00:55:17.090 [main] DEBUG io.netty.buffer.PooledByteBufAllocator - -Dio.netty.allocator.normalCacheSize: 64
00:55:17.090 [main] DEBUG io.netty.buffer.PooledByteBufAllocator - -Dio.netty.allocator.maxCachedBufferCapacity: 32768
00:55:17.090 [main] DEBUG io.netty.buffer.PooledByteBufAllocator - -Dio.netty.allocator.cacheTrimInterval: 8192
00:55:17.090 [main] DEBUG io.netty.buffer.PooledByteBufAllocator - -Dio.netty.allocator.cacheTrimIntervalMillis: 0
00:55:17.090 [main] DEBUG io.netty.buffer.PooledByteBufAllocator - -Dio.netty.allocator.useCacheForAllThreads: false
00:55:17.090 [main] DEBUG io.netty.buffer.PooledByteBufAllocator - -Dio.netty.allocator.maxCachedByteBuffersPerChunk: 1023
00:55:17.095 [main] DEBUG io.netty.buffer.ByteBufUtil - -Dio.netty.allocator.type: pooled
00:55:17.095 [main] DEBUG io.netty.buffer.ByteBufUtil - -Dio.netty.threadLocalDirectBufferSize: 0
00:55:17.095 [main] DEBUG io.netty.buffer.ByteBufUtil - -Dio.netty.maxThreadLocalCharBufferSize: 16384
00:55:17.172 [Forwarding newSession on session null to remote] DEBUG io.netty.channel.DefaultChannelId - -Dio.netty.processId: 30395 (auto-detected)
00:55:17.173 [Forwarding newSession on session null to remote] DEBUG io.netty.util.NetUtil - -Djava.net.preferIPv4Stack: false
00:55:17.173 [Forwarding newSession on session null to remote] DEBUG io.netty.util.NetUtil - -Djava.net.preferIPv6Addresses: false
00:55:17.175 [Forwarding newSession on session null to remote] DEBUG io.netty.util.NetUtilInitializations - Loopback interface: lo0 (lo0, 0:0:0:0:0:0:0:1%lo0)
00:55:17.175 [Forwarding newSession on session null to remote] DEBUG io.netty.util.NetUtil - Failed to get SOMAXCONN from sysctl and file /proc/sys/net/core/somaxconn. Default: 128
00:55:17.176 [Forwarding newSession on session null to remote] DEBUG io.netty.channel.DefaultChannelId - -Dio.netty.machineId: f8:4d:89:ff:fe:81:26:f0 (auto-detected)
00:55:17.193 [AsyncHttpClient-1-2] DEBUG io.netty.buffer.AbstractByteBuf - -Dio.netty.buffer.checkAccessible: true
00:55:17.193 [AsyncHttpClient-1-2] DEBUG io.netty.buffer.AbstractByteBuf - -Dio.netty.buffer.checkBounds: true
00:55:17.193 [AsyncHttpClient-1-2] DEBUG io.netty.util.ResourceLeakDetectorFactory - Loaded default ResourceLeakDetector: io.netty.util.ResourceLeakDetector@3717b37e
00:55:17.199 [AsyncHttpClient-1-2] DEBUG org.asynchttpclient.netty.channel.NettyConnectListener - Using new Channel '[id: 0x910bcc41, L:/127.0.0.1:50859 - R:localhost/127.0.0.1:4723]' for 'POST' to '/wd/hub/session'
00:55:17.206 [AsyncHttpClient-1-2] DEBUG io.netty.util.Recycler - -Dio.netty.recycler.maxCapacityPerThread: 4096
00:55:17.206 [AsyncHttpClient-1-2] DEBUG io.netty.util.Recycler - -Dio.netty.recycler.ratio: 8
00:55:17.206 [AsyncHttpClient-1-2] DEBUG io.netty.util.Recycler - -Dio.netty.recycler.chunkSize: 32
00:55:17.206 [AsyncHttpClient-1-2] DEBUG io.netty.util.Recycler - -Dio.netty.recycler.blocking: false
00:55:17.206 [AsyncHttpClient-1-2] DEBUG io.netty.util.Recycler - -Dio.netty.recycler.batchFastThreadLocalOnly: true
00:55:30.776 [AsyncHttpClient-1-2] DEBUG io.netty.handler.codec.compression.Brotli - brotli4j not in the classpath; Brotli support will be unavailable.
00:55:30.777 [AsyncHttpClient-1-2] DEBUG org.asynchttpclient.netty.handler.HttpHandler - 

Request DefaultHttpRequest(decodeResult: success, version: HTTP/1.1)
POST /wd/hub/session HTTP/1.1
X-Idempotency-Key: 33b82077-4435-4463-ab2e-2aafa7228562
User-Agent: appium/8.3.0 (selenium/4.9.0 (java mac))
Content-Length: 760
Content-Type: application/json; charset=utf-8
host: localhost:4723
accept: */*

Response DefaultHttpResponse(decodeResult: success, version: HTTP/1.1)
HTTP/1.1 500 Internal Server Error
X-Powered-By: Express
Vary: X-HTTP-Method-Override
Content-Type: application/json; charset=utf-8
Content-Length: 5059
ETag: W/"13c3-sOy3hplv3bqZ7rsGDZDuE95QMXE"
Date: Tue, 23 May 2023 03:55:30 GMT
Connection: keep-alive

00:55:30.784 [AsyncHttpClient-1-2] DEBUG org.asynchttpclient.netty.channel.ChannelManager - Adding key: http://localhost:4723 for channel [id: 0x910bcc41, L:/127.0.0.1:50859 - R:localhost/127.0.0.1:4723]
00:55:30.824 [main] ERROR  - 
  _____   ___   ___   _____     ___   ___   ___    ___    ___ 
 |_   _| | __| / __| |_   _|   | __| | _ \ | _ \  / _ \  | _ \
   | |   | _|  \__ \   | |     | _|  |   / |   / | (_) | |   /
   |_|   |___| |___/   |_|     |___| |_|_\ |_|_\  \___/  |_|_\

Try to log in with not valid credentials
---------------------------------------------------------------
00:55:30.825 [main] DEBUG  - RELATED ISSUES: 
00:55:30.846 [main] ERROR  -     Test failed at step: Given John Wick wants to create a new post
00:55:30.847 [main] ERROR  -     WebDriver was unable to create a new instance of type class io.appium.java_client.AppiumDriver
]]></system-out>
  </testcase>
</testsuite>